2020-05-29|14:31:49.687|INFO|[main]|o.s.c.c.c.ConfigServicePropertySourceLocator|249|Fetching config from server at : http://localhost:8088
2020-05-29|14:31:50.809|INFO|[main]|o.s.c.c.c.ConfigServicePropertySourceLocator|273|Connect Timeout Exception on Url - http://localhost:8088. Will be trying the next url if available
2020-05-29|14:31:50.827|ERROR|[main]|o.s.boot.SpringApplication|826|Application run failed
java.lang.IllegalStateException: Could not locate PropertySource and the fail fast property is set, failing
	at org.springframework.cloud.config.client.ConfigServicePropertySourceLocator.locate(ConfigServicePropertySourceLocator.java:148)
	at org.springframework.cloud.bootstrap.config.PropertySourceLocator.locateCollection(PropertySourceLocator.java:52)
	at org.springframework.cloud.config.client.ConfigServicePropertySourceLocator.locateCollection(ConfigServicePropertySourceLocator.java:163)
	at org.springframework.cloud.bootstrap.config.PropertySourceBootstrapConfiguration.initialize(PropertySourceBootstrapConfiguration.java:97)
	at org.springframework.boot.SpringApplication.applyInitializers(SpringApplication.java:626)
	at org.springframework.boot.SpringApplication.prepareContext(SpringApplication.java:370)
	at org.springframework.boot.SpringApplication.run(SpringApplication.java:314)
	at org.springframework.boot.SpringApplication.run(SpringApplication.java:1226)
	at org.springframework.boot.SpringApplication.run(SpringApplication.java:1215)
	at com.energisme.algo.cache.CacheApplication.main(CacheApplication.java:24)
Caused by: org.springframework.web.client.ResourceAccessException: I/O error on GET request for "http://localhost:8088/cache-service/default": Connection refused: connect; nested exception is java.net.ConnectException: Connection refused: connect
	at org.springframework.web.client.RestTemplate.doExecute(RestTemplate.java:748)
	at org.springframework.web.client.RestTemplate.execute(RestTemplate.java:674)
	at org.springframework.web.client.RestTemplate.exchange(RestTemplate.java:583)
	at org.springframework.cloud.config.client.ConfigServicePropertySourceLocator.getRemoteEnvironment(ConfigServicePropertySourceLocator.java:264)
	at org.springframework.cloud.config.client.ConfigServicePropertySourceLocator.locate(ConfigServicePropertySourceLocator.java:107)
	... 9 common frames omitted
Caused by: java.net.ConnectException: Connection refused: connect
	at java.net.DualStackPlainSocketImpl.waitForConnect(Native Method)
	at java.net.DualStackPlainSocketImpl.socketConnect(DualStackPlainSocketImpl.java:85)
	at java.net.AbstractPlainSocketImpl.doConnect(AbstractPlainSocketImpl.java:350)
	at java.net.AbstractPlainSocketImpl.connectToAddress(AbstractPlainSocketImpl.java:206)
	at java.net.AbstractPlainSocketImpl.connect(AbstractPlainSocketImpl.java:188)
	at java.net.PlainSocketImpl.connect(PlainSocketImpl.java:172)
	at java.net.SocksSocketImpl.connect(SocksSocketImpl.java:392)
	at java.net.Socket.connect(Socket.java:589)
	at sun.net.NetworkClient.doConnect(NetworkClient.java:175)
	at sun.net.www.http.HttpClient.openServer(HttpClient.java:463)
	at sun.net.www.http.HttpClient.openServer(HttpClient.java:558)
	at sun.net.www.http.HttpClient.<init>(HttpClient.java:242)
	at sun.net.www.http.HttpClient.New(HttpClient.java:339)
	at sun.net.www.http.HttpClient.New(HttpClient.java:357)
	at sun.net.www.protocol.http.HttpURLConnection.getNewHttpClient(HttpURLConnection.java:1220)
	at sun.net.www.protocol.http.HttpURLConnection.plainConnect0(HttpURLConnection.java:1156)
	at sun.net.www.protocol.http.HttpURLConnection.plainConnect(HttpURLConnection.java:1050)
	at sun.net.www.protocol.http.HttpURLConnection.connect(HttpURLConnection.java:984)
	at org.springframework.http.client.SimpleBufferingClientHttpRequest.executeInternal(SimpleBufferingClientHttpRequest.java:76)
	at org.springframework.http.client.AbstractBufferingClientHttpRequest.executeInternal(AbstractBufferingClientHttpRequest.java:48)
	at org.springframework.http.client.AbstractClientHttpRequest.execute(AbstractClientHttpRequest.java:53)
	at org.springframework.web.client.RestTemplate.doExecute(RestTemplate.java:739)
	... 13 common frames omitted
2020-05-29|14:33:32.581|INFO|[main]|o.s.c.c.c.ConfigServicePropertySourceLocator|249|Fetching config from server at : http://localhost:8088
2020-05-29|14:33:33.690|INFO|[main]|o.s.c.c.c.ConfigServicePropertySourceLocator|273|Connect Timeout Exception on Url - http://localhost:8088. Will be trying the next url if available
2020-05-29|14:33:33.705|ERROR|[main]|o.s.boot.SpringApplication|826|Application run failed
java.lang.IllegalStateException: Could not locate PropertySource and the fail fast property is set, failing
	at org.springframework.cloud.config.client.ConfigServicePropertySourceLocator.locate(ConfigServicePropertySourceLocator.java:148)
	at org.springframework.cloud.bootstrap.config.PropertySourceLocator.locateCollection(PropertySourceLocator.java:52)
	at org.springframework.cloud.config.client.ConfigServicePropertySourceLocator.locateCollection(ConfigServicePropertySourceLocator.java:163)
	at org.springframework.cloud.bootstrap.config.PropertySourceBootstrapConfiguration.initialize(PropertySourceBootstrapConfiguration.java:97)
	at org.springframework.boot.SpringApplication.applyInitializers(SpringApplication.java:626)
	at org.springframework.boot.SpringApplication.prepareContext(SpringApplication.java:370)
	at org.springframework.boot.SpringApplication.run(SpringApplication.java:314)
	at org.springframework.boot.SpringApplication.run(SpringApplication.java:1226)
	at org.springframework.boot.SpringApplication.run(SpringApplication.java:1215)
	at com.energisme.algo.cache.CacheApplication.main(CacheApplication.java:24)
Caused by: org.springframework.web.client.ResourceAccessException: I/O error on GET request for "http://localhost:8088/cache-service/default": Connection refused: connect; nested exception is java.net.ConnectException: Connection refused: connect
	at org.springframework.web.client.RestTemplate.doExecute(RestTemplate.java:748)
	at org.springframework.web.client.RestTemplate.execute(RestTemplate.java:674)
	at org.springframework.web.client.RestTemplate.exchange(RestTemplate.java:583)
	at org.springframework.cloud.config.client.ConfigServicePropertySourceLocator.getRemoteEnvironment(ConfigServicePropertySourceLocator.java:264)
	at org.springframework.cloud.config.client.ConfigServicePropertySourceLocator.locate(ConfigServicePropertySourceLocator.java:107)
	... 9 common frames omitted
Caused by: java.net.ConnectException: Connection refused: connect
	at java.net.DualStackPlainSocketImpl.waitForConnect(Native Method)
	at java.net.DualStackPlainSocketImpl.socketConnect(DualStackPlainSocketImpl.java:85)
	at java.net.AbstractPlainSocketImpl.doConnect(AbstractPlainSocketImpl.java:350)
	at java.net.AbstractPlainSocketImpl.connectToAddress(AbstractPlainSocketImpl.java:206)
	at java.net.AbstractPlainSocketImpl.connect(AbstractPlainSocketImpl.java:188)
	at java.net.PlainSocketImpl.connect(PlainSocketImpl.java:172)
	at java.net.SocksSocketImpl.connect(SocksSocketImpl.java:392)
	at java.net.Socket.connect(Socket.java:589)
	at sun.net.NetworkClient.doConnect(NetworkClient.java:175)
	at sun.net.www.http.HttpClient.openServer(HttpClient.java:463)
	at sun.net.www.http.HttpClient.openServer(HttpClient.java:558)
	at sun.net.www.http.HttpClient.<init>(HttpClient.java:242)
	at sun.net.www.http.HttpClient.New(HttpClient.java:339)
	at sun.net.www.http.HttpClient.New(HttpClient.java:357)
	at sun.net.www.protocol.http.HttpURLConnection.getNewHttpClient(HttpURLConnection.java:1220)
	at sun.net.www.protocol.http.HttpURLConnection.plainConnect0(HttpURLConnection.java:1156)
	at sun.net.www.protocol.http.HttpURLConnection.plainConnect(HttpURLConnection.java:1050)
	at sun.net.www.protocol.http.HttpURLConnection.connect(HttpURLConnection.java:984)
	at org.springframework.http.client.SimpleBufferingClientHttpRequest.executeInternal(SimpleBufferingClientHttpRequest.java:76)
	at org.springframework.http.client.AbstractBufferingClientHttpRequest.executeInternal(AbstractBufferingClientHttpRequest.java:48)
	at org.springframework.http.client.AbstractClientHttpRequest.execute(AbstractClientHttpRequest.java:53)
	at org.springframework.web.client.RestTemplate.doExecute(RestTemplate.java:739)
	... 13 common frames omitted
2020-05-29|14:38:14.335|INFO|[main]|o.s.c.c.c.ConfigServicePropertySourceLocator|249|Fetching config from server at : http://localhost:8088
2020-05-29|14:38:14.950|INFO|[main]|o.s.c.c.c.ConfigServicePropertySourceLocator|168|Located environment: name=cache-service, profiles=[default], label=null, version=null, state=null
2020-05-29|14:38:14.952|INFO|[main]|o.s.c.b.c.PropertySourceBootstrapConfiguration|105|Located property source: [BootstrapPropertySource {name='bootstrapProperties-classpath:/config/cache-service.yml'}]
2020-05-29|14:38:14.997|INFO|[main]|c.e.algo.cache.CacheApplication|651|No active profile set, falling back to default profiles: default
2020-05-29|14:38:15.952|INFO|[main]|o.s.d.r.c.RepositoryConfigurationDelegate|249|Multiple Spring Data modules found, entering strict repository configuration mode!
2020-05-29|14:38:15.953|INFO|[main]|o.s.d.r.c.RepositoryConfigurationDelegate|127|Bootstrapping Spring Data Redis repositories in DEFAULT mode.
2020-05-29|14:38:16.318|INFO|[main]|o.s.d.r.c.RepositoryConfigurationDelegate|187|Finished Spring Data repository scanning in 350ms. Found 1 Redis repository interfaces.
2020-05-29|14:38:16.771|WARN|[main]|o.s.boot.actuate.endpoint.EndpointId|155|Endpoint ID 'service-registry' contains invalid characters, please migrate to a valid format.
2020-05-29|14:38:17.169|INFO|[main]|o.s.cloud.context.scope.GenericScope|295|BeanFactory id=9f194211-df06-3df0-a1e9-8d3f15dc6fa5
2020-05-29|14:38:17.555|INFO|[main]|o.s.c.s.PostProcessorRegistrationDelegate$BeanPostProcessorChecker|330|Bean 'spring.sleuth.redis-org.springframework.cloud.sleuth.instrument.redis.TraceRedisProperties' of type [org.springframework.cloud.sleuth.instrument.redis.TraceRedisProperties] is not eligible for getting processed by all BeanPostProcessors (for example: not eligible for auto-proxying)
2020-05-29|14:38:17.817|INFO|[main]|o.s.b.w.e.tomcat.TomcatWebServer|92|Tomcat initialized with port(s): 8085 (http)
2020-05-29|14:38:17.825|INFO|[main]|o.a.coyote.http11.Http11NioProtocol|173|Initializing ProtocolHandler ["http-nio-8085"]
2020-05-29|14:38:17.827|INFO|[main]|o.a.catalina.core.StandardService|173|Starting service [Tomcat]
2020-05-29|14:38:17.828|INFO|[main]|o.a.catalina.core.StandardEngine|173|Starting Servlet engine: [Apache Tomcat/9.0.33]
2020-05-29|14:38:18.007|INFO|[main]|o.a.c.c.C.[Tomcat].[localhost].[/]|173|Initializing Spring embedded WebApplicationContext
2020-05-29|14:38:18.008|INFO|[main]|o.s.web.context.ContextLoader|284|Root WebApplicationContext: initialization completed in 2984 ms
2020-05-29|14:38:18.159|WARN|[main]|c.n.c.sources.URLConfigurationSource|121|No URLs will be polled as dynamic configuration sources.
2020-05-29|14:38:18.159|INFO|[main]|c.n.c.sources.URLConfigurationSource|122|To enable URLs as dynamic configuration sources, define System property archaius.configurationSource.additionalUrls or make config.properties available on classpath.
2020-05-29|14:38:18.168|INFO|[main]|c.n.config.DynamicPropertyFactory|281|DynamicPropertyFactory is initialized with configuration sources: com.netflix.config.ConcurrentCompositeConfiguration@34009349
2020-05-29|14:38:20.280|WARN|[main]|o.s.c.s.z.ZipkinAutoConfiguration|114|Check result of the [AsyncReporter{org.springframework.cloud.sleuth.zipkin2.sender.RestTemplateSender@401ec794}] contains an error [CheckResult{ok=false, error=org.springframework.web.client.ResourceAccessException: I/O error on POST request for "http://localhost:9411/api/v2/spans": connect timed out; nested exception is java.net.SocketTimeoutException: connect timed out}]
2020-05-29|14:38:21.708|INFO|[main]|o.s.b.a.e.web.EndpointLinksResolver|58|Exposing 2 endpoint(s) beneath base path '/actuator'
2020-05-29|14:38:21.990|INFO|[main]|s.d.s.w.PropertySourcedRequestMappingHandlerMapping|69|Mapped URL path [/v2/api-docs] onto method [springfox.documentation.swagger2.web.Swagger2Controller#getDocumentation(String, HttpServletRequest)]
2020-05-29|14:38:22.013|WARN|[main]|c.n.c.sources.URLConfigurationSource|121|No URLs will be polled as dynamic configuration sources.
2020-05-29|14:38:22.014|INFO|[main]|c.n.c.sources.URLConfigurationSource|122|To enable URLs as dynamic configuration sources, define System property archaius.configurationSource.additionalUrls or make config.properties available on classpath.
2020-05-29|14:38:23.000|WARN|[main]|o.s.c.l.c.BlockingLoadBalancerClientAutoConfiguration$BlockingLoadBalancerClientRibbonWarnLogger|86|You already have RibbonLoadBalancerClient on your classpath. It will be used by default. As Spring Cloud Ribbon is in maintenance mode. We recommend switching to BlockingLoadBalancerClient instead. In order to use it, set the value of `spring.cloud.loadbalancer.ribbon.enabled` to `false` or remove spring-cloud-starter-netflix-ribbon from your project.
2020-05-29|14:38:23.884|INFO|[main]|o.s.c.n.eureka.InstanceInfoFactory|72|Setting initial instance status as: STARTING
2020-05-29|14:38:23.920|INFO|[main]|c.netflix.discovery.DiscoveryClient|368|Initializing Eureka in region us-east-1
2020-05-29|14:38:24.415|INFO|[main]|c.n.d.p.DiscoveryJerseyProvider|70|Using JSON encoding codec LegacyJacksonJson
2020-05-29|14:38:24.416|INFO|[main]|c.n.d.p.DiscoveryJerseyProvider|71|Using JSON decoding codec LegacyJacksonJson
2020-05-29|14:38:24.698|INFO|[main]|c.n.d.p.DiscoveryJerseyProvider|80|Using XML encoding codec XStreamXml
2020-05-29|14:38:24.699|INFO|[main]|c.n.d.p.DiscoveryJerseyProvider|81|Using XML decoding codec XStreamXml
2020-05-29|14:38:24.887|INFO|[main]|c.n.d.s.r.aws.ConfigClusterResolver|43|Resolving eureka endpoints via configuration
2020-05-29|14:38:25.242|INFO|[main]|c.netflix.discovery.DiscoveryClient|981|Disable delta property : false
2020-05-29|14:38:25.243|INFO|[main]|c.netflix.discovery.DiscoveryClient|982|Single vip registry refresh property : null
2020-05-29|14:38:25.243|INFO|[main]|c.netflix.discovery.DiscoveryClient|983|Force full registry fetch : false
2020-05-29|14:38:25.245|INFO|[main]|c.netflix.discovery.DiscoveryClient|984|Application is null : false
2020-05-29|14:38:25.246|INFO|[main]|c.netflix.discovery.DiscoveryClient|985|Registered Applications size is zero : true
2020-05-29|14:38:25.246|INFO|[main]|c.netflix.discovery.DiscoveryClient|987|Application version is -1: true
2020-05-29|14:38:25.246|INFO|[main]|c.netflix.discovery.DiscoveryClient|1070|Getting all instance registry info from the eureka server
2020-05-29|14:38:25.364|INFO|[main]|c.netflix.discovery.DiscoveryClient|1079|The response status is 200
2020-05-29|14:38:25.366|INFO|[main]|c.netflix.discovery.DiscoveryClient|1294|Starting heartbeat executor: renew interval is: 30
2020-05-29|14:38:25.368|INFO|[main]|c.n.discovery.InstanceInfoReplicator|60|InstanceInfoReplicator onDemand update allowed rate per min is 4
2020-05-29|14:38:25.372|INFO|[main]|c.netflix.discovery.DiscoveryClient|468|Discovery Client initialized at timestamp 1590737905371 with initial instances count: 0
2020-05-29|14:38:25.381|INFO|[main]|o.s.c.n.e.s.EurekaServiceRegistry|41|Registering application CACHE-SERVICE with eureka with status UP
2020-05-29|14:38:25.382|INFO|[main]|c.netflix.discovery.DiscoveryClient|1330|Saw local status change event StatusChangeEvent [timestamp=1590737905382, current=UP, previous=STARTING]
2020-05-29|14:38:25.384|INFO|[main]|s.d.s.w.p.DocumentationPluginsBootstrapper|151|Context refreshed
2020-05-29|14:38:25.384|INFO|[DiscoveryClient-InstanceInfoReplicator-0]|c.netflix.discovery.DiscoveryClient|847|DiscoveryClient_CACHE-SERVICE/PCT374.IfiSolution.local:cache-service:8085: registering service...
2020-05-29|14:38:25.406|INFO|[main]|s.d.s.w.p.DocumentationPluginsBootstrapper|154|Found 1 custom documentation plugin(s)
2020-05-29|14:38:25.433|INFO|[DiscoveryClient-InstanceInfoReplicator-0]|c.netflix.discovery.DiscoveryClient|856|DiscoveryClient_CACHE-SERVICE/PCT374.IfiSolution.local:cache-service:8085 - registration status: 204
2020-05-29|14:38:25.488|INFO|[main]|s.d.s.w.s.ApiListingReferenceScanner|41|Scanning for api listing references
2020-05-29|14:38:25.616|INFO|[main]|o.s.s.c.ThreadPoolTaskScheduler|181|Initializing ExecutorService
2020-05-29|14:38:25.624|INFO|[main]|o.a.coyote.http11.Http11NioProtocol|173|Starting ProtocolHandler ["http-nio-8085"]
2020-05-29|14:38:25.649|INFO|[main]|o.s.b.w.e.tomcat.TomcatWebServer|204|Tomcat started on port(s): 8085 (http) with context path ''
2020-05-29|14:38:25.650|INFO|[main]|o.s.c.n.e.s.EurekaAutoServiceRegistration|145|Updating port to 8085
2020-05-29|14:38:26.197|INFO|[main]|c.e.algo.cache.CacheApplication|61|Started CacheApplication in 14.148 seconds (JVM running for 15.691)
2020-05-29|14:38:27.422|INFO|[RMI TCP Connection(2)-10.0.75.1]|o.a.c.c.C.[Tomcat].[localhost].[/]|173|Initializing Spring DispatcherServlet 'dispatcherServlet'
2020-05-29|14:38:27.423|INFO|[RMI TCP Connection(2)-10.0.75.1]|o.s.web.servlet.DispatcherServlet|525|Initializing Servlet 'dispatcherServlet'
2020-05-29|14:38:27.434|INFO|[RMI TCP Connection(3)-10.0.75.1]|o.s.c.c.c.ConfigServicePropertySourceLocator|249|Fetching config from server at : http://localhost:8088
2020-05-29|14:38:27.445|INFO|[RMI TCP Connection(2)-10.0.75.1]|o.s.web.servlet.DispatcherServlet|547|Completed initialization in 21 ms
2020-05-29|14:38:27.982|INFO|[RMI TCP Connection(3)-10.0.75.1]|o.s.c.c.c.ConfigServicePropertySourceLocator|168|Located environment: name=cache-service, profiles=[default], label=null, version=null, state=null
2020-05-29|14:38:28.100|INFO|[boundedElastic-1]|io.lettuce.core.EpollProvider|68|Starting without optional epoll library
2020-05-29|14:38:28.102|INFO|[boundedElastic-1]|io.lettuce.core.KqueueProvider|70|Starting without optional kqueue library
2020-05-29|14:38:55.367|INFO|[DiscoveryClient-CacheRefreshExecutor-0]|c.netflix.discovery.DiscoveryClient|981|Disable delta property : false
2020-05-29|14:38:55.368|INFO|[DiscoveryClient-CacheRefreshExecutor-0]|c.netflix.discovery.DiscoveryClient|982|Single vip registry refresh property : null
2020-05-29|14:38:55.369|INFO|[DiscoveryClient-CacheRefreshExecutor-0]|c.netflix.discovery.DiscoveryClient|983|Force full registry fetch : false
2020-05-29|14:38:55.369|INFO|[DiscoveryClient-CacheRefreshExecutor-0]|c.netflix.discovery.DiscoveryClient|984|Application is null : false
2020-05-29|14:38:55.370|INFO|[DiscoveryClient-CacheRefreshExecutor-0]|c.netflix.discovery.DiscoveryClient|985|Registered Applications size is zero : true
2020-05-29|14:38:55.370|INFO|[DiscoveryClient-CacheRefreshExecutor-0]|c.netflix.discovery.DiscoveryClient|987|Application version is -1: false
2020-05-29|14:38:55.370|INFO|[DiscoveryClient-CacheRefreshExecutor-0]|c.netflix.discovery.DiscoveryClient|1070|Getting all instance registry info from the eureka server
2020-05-29|14:38:55.392|INFO|[DiscoveryClient-CacheRefreshExecutor-0]|c.netflix.discovery.DiscoveryClient|1079|The response status is 200
2020-05-29|14:40:00.003|DEBUG|[ThreadPoolTaskScheduler-1]|c.e.a.c.s.i.AlgorithmInvocationRefreshServiceImpl|61|execute:in()
2020-05-29|14:40:00.004|DEBUG|[ThreadPoolTaskScheduler-1]|c.e.a.c.s.i.AlgorithmRequestServiceImpl|91|getAllKeys:in()
2020-05-29|14:40:00.035|DEBUG|[ThreadPoolTaskScheduler-1]|c.e.a.c.s.i.AlgorithmRequestServiceImpl|95|getAllKeys:out()
2020-05-29|14:40:00.036|DEBUG|[ThreadPoolTaskScheduler-1]|c.e.a.c.s.i.AlgorithmInvocationRefreshServiceImpl|110|pagingKey:in(keySet = [], pageSize = 1)
2020-05-29|14:40:00.036|DEBUG|[ThreadPoolTaskScheduler-1]|c.e.a.c.s.i.AlgorithmInvocationRefreshServiceImpl|133|pagingKey:out(pageList = [])
2020-05-29|14:40:00.036|DEBUG|[ThreadPoolTaskScheduler-1]|c.e.a.c.s.i.AlgorithmInvocationRefreshServiceImpl|98|execute:out()
2020-05-29|14:40:38.690|TRACE|[http-nio-8085-exec-1]|org.zalando.logbook.Logbook|21|{"origin":"remote","type":"request","correlation":"85f9c3d8c183da53","protocol":"HTTP/1.1","remote":"10.0.75.1","method":"GET","uri":"http://PCT374.IfiSolution.local:8085/v2/api-docs","headers":{"accept":["application/json,*/*"],"accept-encoding":["gzip, deflate, br"],"accept-language":["vi,en-GB;q=0.9,en;q=0.8"],"connection":["Keep-Alive"],"content-length":["0"],"host":["PCT374.IfiSolution.local:8085"],"referer":["http://localhost:8060/swagger-ui.html"],"sec-fetch-dest":["empty"],"sec-fetch-mode":["cors"],"sec-fetch-site":["same-origin"],"user-agent":["Mozilla/5.0 (Windows NT 10.0; Win64; x64) AppleWebKit/537.36 (KHTML, like Gecko) Chrome/83.0.4103.61 Safari/537.36"],"x-b3-parentspanid":["c2d7856a3db1e169"],"x-b3-sampled":["0"],"x-b3-spanid":["90945030720bf1ca"],"x-b3-traceid":["c2d7856a3db1e169"],"x-forwarded-for":["0:0:0:0:0:0:0:1"],"x-forwarded-host":["localhost:8060"],"x-forwarded-port":["8060"],"x-forwarded-prefix":["/cache"],"x-forwarded-proto":["http"]}}
2020-05-29|14:40:38.826|TRACE|[http-nio-8085-exec-1]|org.zalando.logbook.Logbook|26|{"origin":"local","type":"response","correlation":"85f9c3d8c183da53","duration":218,"protocol":"HTTP/1.1","status":200,"headers":{"Connection":["keep-alive"],"Content-Encoding":["gzip"],"Content-Type":["application/json"],"Date":["Fri, 29 May 2020 07:40:38 GMT"],"Keep-Alive":["timeout=60"],"Transfer-Encoding":["chunked"],"vary":["accept-encoding"]},"body":{"swagger":"2.0","info":{"description":"Documentation algo cache API v1.0","version":"1.0","title":"Algo cache API"},"host":"localhost:8060","basePath":"/cache/","tags":[{"name":"cache-algorithm","description":"Algorithm Request Controller"}],"paths":{"/api/cache/delete/{id}":{"delete":{"tags":["cache-algorithm"],"summary":"delete","operationId":"deleteUsingDELETE","produces":["*/*"],"parameters":[{"name":"id","in":"path","description":"id","required":true,"type":"string"}],"responses":{"200":{"description":"OK","schema":{"$ref":"#/definitions/DataGenericOutput"}},"204":{"description":"No Content"},"401":{"description":"Unauthorized"},"403":{"description":"Forbidden"}}}},"/api/cache/getByKey/{id}":{"get":{"tags":["cache-algorithm"],"summary":"getByKey","operationId":"getByKeyUsingGET","produces":["*/*"],"parameters":[{"name":"id","in":"path","description":"id","required":true,"type":"string"}],"responses":{"200":{"description":"OK","schema":{"$ref":"#/definitions/AlgorithmCacheDTO"}},"401":{"description":"Unauthorized"},"403":{"description":"Forbidden"},"404":{"description":"Not Found"}}}},"/api/cache/refresh":{"get":{"tags":["cache-algorithm"],"summary":"refreshCache","operationId":"refreshCacheUsingGET","produces":["*/*"],"responses":{"200":{"description":"OK","schema":{"type":"string"}},"401":{"description":"Unauthorized"},"403":{"description":"Forbidden"},"404":{"description":"Not Found"}}}},"/api/cache/saveOrUpdate":{"post":{"tags":["cache-algorithm"],"summary":"saveOrUpdate","operationId":"saveOrUpdateUsingPOST","consumes":["application/json"],"produces":["*/*"],"parameters":[{"in":"body","name":"algorithmCacheDTO","description":"algorithmCacheDTO","required":true,"schema":{"$ref":"#/definitions/AlgorithmCacheDTO"}}],"responses":{"200":{"description":"OK","schema":{"$ref":"#/definitions/AlgorithmCacheDTO"}},"201":{"description":"Created"},"401":{"description":"Unauthorized"},"403":{"description":"Forbidden"},"404":{"description":"Not Found"}}}}},"definitions":{"AlgorithmCacheDTO":{"type":"object","properties":{"algorithm_id":{"type":"string","description":"algorithm id","allowEmptyValue":false},"data_frame_out":{"type":"string","description":"data frame out","allowEmptyValue":false},"hit":{"type":"integer","format":"int64","description":"hit","allowEmptyValue":false},"input_request":{"type":"string"},"last_request_date":{"type":"string","description":"last request date","allowEmptyValue":false},"last_update_date":{"type":"string","description":"last update date","allowEmptyValue":false},"method-name":{"type":"string","description":"method name","allowEmptyValue":false}},"title":"AlgorithmCacheDTO"},"DataGenericOutput":{"type":"object","properties":{"code":{"type":"string"},"data":{"type":"object"},"description":{"type":"string"},"success":{"type":"boolean"}},"title":"DataGenericOutput"}}}}
2020-05-29|14:40:45.182|TRACE|[http-nio-8085-exec-2]|org.zalando.logbook.Logbook|21|{"origin":"remote","type":"request","correlation":"9d2e071f47ed5c92","protocol":"HTTP/1.1","remote":"10.0.75.1","method":"GET","uri":"http://PCT374.IfiSolution.local:8085/api/cache/getByKey/1","headers":{"accept":["*/*"],"accept-encoding":["gzip, deflate, br"],"accept-language":["vi,en-GB;q=0.9,en;q=0.8"],"connection":["Keep-Alive"],"content-length":["0"],"host":["PCT374.IfiSolution.local:8085"],"referer":["http://localhost:8060/swagger-ui.html"],"sec-fetch-dest":["empty"],"sec-fetch-mode":["cors"],"sec-fetch-site":["same-origin"],"user-agent":["Mozilla/5.0 (Windows NT 10.0; Win64; x64) AppleWebKit/537.36 (KHTML, like Gecko) Chrome/83.0.4103.61 Safari/537.36"],"x-b3-parentspanid":["529e0c81884956cc"],"x-b3-sampled":["0"],"x-b3-spanid":["d407140c8347d112"],"x-b3-traceid":["529e0c81884956cc"],"x-forwarded-for":["0:0:0:0:0:0:0:1"],"x-forwarded-host":["localhost:8060"],"x-forwarded-port":["8060"],"x-forwarded-prefix":["/cache"],"x-forwarded-proto":["http"]}}
2020-05-29|14:40:45.189|INFO|[http-nio-8085-exec-2]|c.e.a.c.c.AlgorithmRequestController|79|GET api/cache/getByKey/1
2020-05-29|14:40:45.189|DEBUG|[http-nio-8085-exec-2]|c.e.a.c.s.i.AlgorithmRequestServiceImpl|107|findByKey:in(key = 1)
2020-05-29|14:40:45.262|DEBUG|[http-nio-8085-exec-2]|c.e.a.c.s.i.AlgorithmRequestServiceImpl|120|findByKey:out(algorithmCacheDTO = null)
2020-05-29|14:40:45.263|INFO|[http-nio-8085-exec-2]|c.e.a.c.c.AlgorithmRequestController|84|Get algorithm cache by key successfully with id = 1, algorithmCacheDTO = null
2020-05-29|14:40:45.270|TRACE|[http-nio-8085-exec-2]|org.zalando.logbook.Logbook|26|{"origin":"local","type":"response","correlation":"9d2e071f47ed5c92","duration":89,"protocol":"HTTP/1.1","status":200,"headers":{"Connection":["keep-alive"],"Date":["Fri, 29 May 2020 07:40:45 GMT"],"Keep-Alive":["timeout=60"],"Transfer-Encoding":["chunked"]}}
2020-05-29|14:40:47.860|TRACE|[http-nio-8085-exec-3]|org.zalando.logbook.Logbook|21|{"origin":"remote","type":"request","correlation":"d7532fb79df9dfc1","protocol":"HTTP/1.1","remote":"10.0.75.1","method":"GET","uri":"http://PCT374.IfiSolution.local:8085/api/cache/getByKey/123","headers":{"accept":["*/*"],"accept-encoding":["gzip, deflate, br"],"accept-language":["vi,en-GB;q=0.9,en;q=0.8"],"connection":["Keep-Alive"],"content-length":["0"],"host":["PCT374.IfiSolution.local:8085"],"referer":["http://localhost:8060/swagger-ui.html"],"sec-fetch-dest":["empty"],"sec-fetch-mode":["cors"],"sec-fetch-site":["same-origin"],"user-agent":["Mozilla/5.0 (Windows NT 10.0; Win64; x64) AppleWebKit/537.36 (KHTML, like Gecko) Chrome/83.0.4103.61 Safari/537.36"],"x-b3-parentspanid":["ca2ff77494bfe930"],"x-b3-sampled":["0"],"x-b3-spanid":["04227884ad3cff81"],"x-b3-traceid":["ca2ff77494bfe930"],"x-forwarded-for":["0:0:0:0:0:0:0:1"],"x-forwarded-host":["localhost:8060"],"x-forwarded-port":["8060"],"x-forwarded-prefix":["/cache"],"x-forwarded-proto":["http"]}}
2020-05-29|14:40:47.862|INFO|[http-nio-8085-exec-3]|c.e.a.c.c.AlgorithmRequestController|79|GET api/cache/getByKey/123
2020-05-29|14:40:47.863|DEBUG|[http-nio-8085-exec-3]|c.e.a.c.s.i.AlgorithmRequestServiceImpl|107|findByKey:in(key = 123)
2020-05-29|14:40:47.865|DEBUG|[http-nio-8085-exec-3]|c.e.a.c.s.i.AlgorithmRequestServiceImpl|120|findByKey:out(algorithmCacheDTO = null)
2020-05-29|14:40:47.866|INFO|[http-nio-8085-exec-3]|c.e.a.c.c.AlgorithmRequestController|84|Get algorithm cache by key successfully with id = 123, algorithmCacheDTO = null
2020-05-29|14:40:47.867|TRACE|[http-nio-8085-exec-3]|org.zalando.logbook.Logbook|26|{"origin":"local","type":"response","correlation":"d7532fb79df9dfc1","duration":8,"protocol":"HTTP/1.1","status":200,"headers":{"Connection":["keep-alive"],"Date":["Fri, 29 May 2020 07:40:47 GMT"],"Keep-Alive":["timeout=60"],"Transfer-Encoding":["chunked"]}}
2020-05-29|14:42:00.001|DEBUG|[ThreadPoolTaskScheduler-2]|c.e.a.c.s.i.AlgorithmInvocationRefreshServiceImpl|61|execute:in()
2020-05-29|14:42:00.002|DEBUG|[ThreadPoolTaskScheduler-2]|c.e.a.c.s.i.AlgorithmRequestServiceImpl|91|getAllKeys:in()
2020-05-29|14:42:00.003|DEBUG|[ThreadPoolTaskScheduler-2]|c.e.a.c.s.i.AlgorithmRequestServiceImpl|95|getAllKeys:out()
2020-05-29|14:42:00.003|DEBUG|[ThreadPoolTaskScheduler-2]|c.e.a.c.s.i.AlgorithmInvocationRefreshServiceImpl|110|pagingKey:in(keySet = [], pageSize = 1)
2020-05-29|14:42:00.003|DEBUG|[ThreadPoolTaskScheduler-2]|c.e.a.c.s.i.AlgorithmInvocationRefreshServiceImpl|133|pagingKey:out(pageList = [])
2020-05-29|14:42:00.004|DEBUG|[ThreadPoolTaskScheduler-2]|c.e.a.c.s.i.AlgorithmInvocationRefreshServiceImpl|98|execute:out()
2020-05-29|14:43:25.254|INFO|[AsyncResolver-bootstrap-executor-0]|c.n.d.s.r.aws.ConfigClusterResolver|43|Resolving eureka endpoints via configuration
2020-05-29|14:44:00.002|DEBUG|[ThreadPoolTaskScheduler-2]|c.e.a.c.s.i.AlgorithmInvocationRefreshServiceImpl|61|execute:in()
2020-05-29|14:44:00.003|DEBUG|[ThreadPoolTaskScheduler-2]|c.e.a.c.s.i.AlgorithmRequestServiceImpl|91|getAllKeys:in()
2020-05-29|14:44:00.005|DEBUG|[ThreadPoolTaskScheduler-2]|c.e.a.c.s.i.AlgorithmRequestServiceImpl|95|getAllKeys:out()
2020-05-29|14:44:00.005|DEBUG|[ThreadPoolTaskScheduler-2]|c.e.a.c.s.i.AlgorithmInvocationRefreshServiceImpl|110|pagingKey:in(keySet = [], pageSize = 1)
2020-05-29|14:44:00.005|DEBUG|[ThreadPoolTaskScheduler-2]|c.e.a.c.s.i.AlgorithmInvocationRefreshServiceImpl|133|pagingKey:out(pageList = [])
2020-05-29|14:44:00.005|DEBUG|[ThreadPoolTaskScheduler-2]|c.e.a.c.s.i.AlgorithmInvocationRefreshServiceImpl|98|execute:out()
2020-05-29|14:46:00.002|DEBUG|[ThreadPoolTaskScheduler-3]|c.e.a.c.s.i.AlgorithmInvocationRefreshServiceImpl|61|execute:in()
2020-05-29|14:46:00.003|DEBUG|[ThreadPoolTaskScheduler-3]|c.e.a.c.s.i.AlgorithmRequestServiceImpl|91|getAllKeys:in()
2020-05-29|14:46:00.006|DEBUG|[ThreadPoolTaskScheduler-3]|c.e.a.c.s.i.AlgorithmRequestServiceImpl|95|getAllKeys:out()
2020-05-29|14:46:00.006|DEBUG|[ThreadPoolTaskScheduler-3]|c.e.a.c.s.i.AlgorithmInvocationRefreshServiceImpl|110|pagingKey:in(keySet = [], pageSize = 1)
2020-05-29|14:46:00.007|DEBUG|[ThreadPoolTaskScheduler-3]|c.e.a.c.s.i.AlgorithmInvocationRefreshServiceImpl|133|pagingKey:out(pageList = [])
2020-05-29|14:46:00.007|DEBUG|[ThreadPoolTaskScheduler-3]|c.e.a.c.s.i.AlgorithmInvocationRefreshServiceImpl|98|execute:out()
2020-05-29|14:48:00.002|DEBUG|[ThreadPoolTaskScheduler-1]|c.e.a.c.s.i.AlgorithmInvocationRefreshServiceImpl|61|execute:in()
2020-05-29|14:48:00.003|DEBUG|[ThreadPoolTaskScheduler-1]|c.e.a.c.s.i.AlgorithmRequestServiceImpl|91|getAllKeys:in()
2020-05-29|14:48:00.005|DEBUG|[ThreadPoolTaskScheduler-1]|c.e.a.c.s.i.AlgorithmRequestServiceImpl|95|getAllKeys:out()
2020-05-29|14:48:00.005|DEBUG|[ThreadPoolTaskScheduler-1]|c.e.a.c.s.i.AlgorithmInvocationRefreshServiceImpl|110|pagingKey:in(keySet = [], pageSize = 1)
2020-05-29|14:48:00.006|DEBUG|[ThreadPoolTaskScheduler-1]|c.e.a.c.s.i.AlgorithmInvocationRefreshServiceImpl|133|pagingKey:out(pageList = [])
2020-05-29|14:48:00.006|DEBUG|[ThreadPoolTaskScheduler-1]|c.e.a.c.s.i.AlgorithmInvocationRefreshServiceImpl|98|execute:out()
2020-05-29|14:48:25.258|INFO|[AsyncResolver-bootstrap-executor-0]|c.n.d.s.r.aws.ConfigClusterResolver|43|Resolving eureka endpoints via configuration
2020-05-29|14:49:28.459|INFO|[main]|o.s.c.c.c.ConfigServicePropertySourceLocator|249|Fetching config from server at : http://localhost:8088
2020-05-29|14:49:29.080|INFO|[main]|o.s.c.c.c.ConfigServicePropertySourceLocator|168|Located environment: name=cache-service, profiles=[default], label=null, version=null, state=null
2020-05-29|14:49:29.082|INFO|[main]|o.s.c.b.c.PropertySourceBootstrapConfiguration|105|Located property source: [BootstrapPropertySource {name='bootstrapProperties-classpath:/config/cache-service.yml'}]
2020-05-29|14:49:29.140|INFO|[main]|c.e.algo.cache.CacheApplication|651|No active profile set, falling back to default profiles: default
2020-05-29|14:49:30.172|INFO|[main]|o.s.d.r.c.RepositoryConfigurationDelegate|249|Multiple Spring Data modules found, entering strict repository configuration mode!
2020-05-29|14:49:30.173|INFO|[main]|o.s.d.r.c.RepositoryConfigurationDelegate|127|Bootstrapping Spring Data Redis repositories in DEFAULT mode.
2020-05-29|14:49:30.296|INFO|[main]|o.s.d.r.c.RepositoryConfigurationDelegate|187|Finished Spring Data repository scanning in 103ms. Found 1 Redis repository interfaces.
2020-05-29|14:49:30.811|WARN|[main]|o.s.boot.actuate.endpoint.EndpointId|155|Endpoint ID 'service-registry' contains invalid characters, please migrate to a valid format.
2020-05-29|14:49:31.249|INFO|[main]|o.s.cloud.context.scope.GenericScope|295|BeanFactory id=9f194211-df06-3df0-a1e9-8d3f15dc6fa5
2020-05-29|14:49:31.757|INFO|[main]|o.s.c.s.PostProcessorRegistrationDelegate$BeanPostProcessorChecker|330|Bean 'spring.sleuth.redis-org.springframework.cloud.sleuth.instrument.redis.TraceRedisProperties' of type [org.springframework.cloud.sleuth.instrument.redis.TraceRedisProperties] is not eligible for getting processed by all BeanPostProcessors (for example: not eligible for auto-proxying)
2020-05-29|14:49:32.086|INFO|[main]|o.s.b.w.e.tomcat.TomcatWebServer|92|Tomcat initialized with port(s): 8085 (http)
2020-05-29|14:49:32.095|INFO|[main]|o.a.coyote.http11.Http11NioProtocol|173|Initializing ProtocolHandler ["http-nio-8085"]
2020-05-29|14:49:32.097|INFO|[main]|o.a.catalina.core.StandardService|173|Starting service [Tomcat]
2020-05-29|14:49:32.098|INFO|[main]|o.a.catalina.core.StandardEngine|173|Starting Servlet engine: [Apache Tomcat/9.0.33]
2020-05-29|14:49:32.291|INFO|[main]|o.a.c.c.C.[Tomcat].[localhost].[/]|173|Initializing Spring embedded WebApplicationContext
2020-05-29|14:49:32.293|INFO|[main]|o.s.web.context.ContextLoader|284|Root WebApplicationContext: initialization completed in 3126 ms
2020-05-29|14:49:32.469|WARN|[main]|c.n.c.sources.URLConfigurationSource|121|No URLs will be polled as dynamic configuration sources.
2020-05-29|14:49:32.469|INFO|[main]|c.n.c.sources.URLConfigurationSource|122|To enable URLs as dynamic configuration sources, define System property archaius.configurationSource.additionalUrls or make config.properties available on classpath.
2020-05-29|14:49:32.480|INFO|[main]|c.n.config.DynamicPropertyFactory|281|DynamicPropertyFactory is initialized with configuration sources: com.netflix.config.ConcurrentCompositeConfiguration@3b2db389
2020-05-29|14:49:34.709|WARN|[main]|o.s.c.s.z.ZipkinAutoConfiguration|114|Check result of the [AsyncReporter{org.springframework.cloud.sleuth.zipkin2.sender.RestTemplateSender@4d79d187}] contains an error [CheckResult{ok=false, error=org.springframework.web.client.ResourceAccessException: I/O error on POST request for "http://localhost:9411/api/v2/spans": connect timed out; nested exception is java.net.SocketTimeoutException: connect timed out}]
2020-05-29|14:49:36.224|INFO|[main]|o.s.b.a.e.web.EndpointLinksResolver|58|Exposing 2 endpoint(s) beneath base path '/actuator'
2020-05-29|14:49:36.492|INFO|[main]|s.d.s.w.PropertySourcedRequestMappingHandlerMapping|69|Mapped URL path [/v2/api-docs] onto method [springfox.documentation.swagger2.web.Swagger2Controller#getDocumentation(String, HttpServletRequest)]
2020-05-29|14:49:36.511|WARN|[main]|c.n.c.sources.URLConfigurationSource|121|No URLs will be polled as dynamic configuration sources.
2020-05-29|14:49:36.512|INFO|[main]|c.n.c.sources.URLConfigurationSource|122|To enable URLs as dynamic configuration sources, define System property archaius.configurationSource.additionalUrls or make config.properties available on classpath.
2020-05-29|14:49:37.456|WARN|[main]|o.s.c.l.c.BlockingLoadBalancerClientAutoConfiguration$BlockingLoadBalancerClientRibbonWarnLogger|86|You already have RibbonLoadBalancerClient on your classpath. It will be used by default. As Spring Cloud Ribbon is in maintenance mode. We recommend switching to BlockingLoadBalancerClient instead. In order to use it, set the value of `spring.cloud.loadbalancer.ribbon.enabled` to `false` or remove spring-cloud-starter-netflix-ribbon from your project.
2020-05-29|14:49:38.260|INFO|[main]|o.s.c.n.eureka.InstanceInfoFactory|72|Setting initial instance status as: STARTING
2020-05-29|14:49:38.297|INFO|[main]|c.netflix.discovery.DiscoveryClient|368|Initializing Eureka in region us-east-1
2020-05-29|14:49:38.840|INFO|[main]|c.n.d.p.DiscoveryJerseyProvider|70|Using JSON encoding codec LegacyJacksonJson
2020-05-29|14:49:38.841|INFO|[main]|c.n.d.p.DiscoveryJerseyProvider|71|Using JSON decoding codec LegacyJacksonJson
2020-05-29|14:49:39.184|INFO|[main]|c.n.d.p.DiscoveryJerseyProvider|80|Using XML encoding codec XStreamXml
2020-05-29|14:49:39.185|INFO|[main]|c.n.d.p.DiscoveryJerseyProvider|81|Using XML decoding codec XStreamXml
2020-05-29|14:49:39.424|INFO|[main]|c.n.d.s.r.aws.ConfigClusterResolver|43|Resolving eureka endpoints via configuration
2020-05-29|14:49:39.770|INFO|[main]|c.netflix.discovery.DiscoveryClient|981|Disable delta property : false
2020-05-29|14:49:39.771|INFO|[main]|c.netflix.discovery.DiscoveryClient|982|Single vip registry refresh property : null
2020-05-29|14:49:39.771|INFO|[main]|c.netflix.discovery.DiscoveryClient|983|Force full registry fetch : false
2020-05-29|14:49:39.772|INFO|[main]|c.netflix.discovery.DiscoveryClient|984|Application is null : false
2020-05-29|14:49:39.772|INFO|[main]|c.netflix.discovery.DiscoveryClient|985|Registered Applications size is zero : true
2020-05-29|14:49:39.772|INFO|[main]|c.netflix.discovery.DiscoveryClient|987|Application version is -1: true
2020-05-29|14:49:39.773|INFO|[main]|c.netflix.discovery.DiscoveryClient|1070|Getting all instance registry info from the eureka server
2020-05-29|14:49:39.911|INFO|[main]|c.netflix.discovery.DiscoveryClient|1079|The response status is 200
2020-05-29|14:49:39.916|INFO|[main]|c.netflix.discovery.DiscoveryClient|1294|Starting heartbeat executor: renew interval is: 30
2020-05-29|14:49:39.919|INFO|[main]|c.n.discovery.InstanceInfoReplicator|60|InstanceInfoReplicator onDemand update allowed rate per min is 4
2020-05-29|14:49:39.923|INFO|[main]|c.netflix.discovery.DiscoveryClient|468|Discovery Client initialized at timestamp 1590738579922 with initial instances count: 2
2020-05-29|14:49:39.932|INFO|[main]|o.s.c.n.e.s.EurekaServiceRegistry|41|Registering application CACHE-SERVICE with eureka with status UP
2020-05-29|14:49:39.933|INFO|[main]|c.netflix.discovery.DiscoveryClient|1330|Saw local status change event StatusChangeEvent [timestamp=1590738579933, current=UP, previous=STARTING]
2020-05-29|14:49:39.935|INFO|[main]|s.d.s.w.p.DocumentationPluginsBootstrapper|151|Context refreshed
2020-05-29|14:49:39.936|INFO|[DiscoveryClient-InstanceInfoReplicator-0]|c.netflix.discovery.DiscoveryClient|847|DiscoveryClient_CACHE-SERVICE/PCT374.IfiSolution.local:cache-service:8085: registering service...
2020-05-29|14:49:39.958|INFO|[main]|s.d.s.w.p.DocumentationPluginsBootstrapper|154|Found 1 custom documentation plugin(s)
2020-05-29|14:49:39.981|INFO|[DiscoveryClient-InstanceInfoReplicator-0]|c.netflix.discovery.DiscoveryClient|856|DiscoveryClient_CACHE-SERVICE/PCT374.IfiSolution.local:cache-service:8085 - registration status: 204
2020-05-29|14:49:40.032|INFO|[main]|s.d.s.w.s.ApiListingReferenceScanner|41|Scanning for api listing references
2020-05-29|14:49:40.238|INFO|[main]|o.s.s.c.ThreadPoolTaskScheduler|181|Initializing ExecutorService
2020-05-29|14:49:40.248|INFO|[main]|o.a.coyote.http11.Http11NioProtocol|173|Starting ProtocolHandler ["http-nio-8085"]
2020-05-29|14:49:40.277|INFO|[main]|o.s.b.w.e.tomcat.TomcatWebServer|204|Tomcat started on port(s): 8085 (http) with context path ''
2020-05-29|14:49:40.278|INFO|[main]|o.s.c.n.e.s.EurekaAutoServiceRegistration|145|Updating port to 8085
2020-05-29|14:49:40.790|INFO|[main]|c.e.algo.cache.CacheApplication|61|Started CacheApplication in 14.498 seconds (JVM running for 17.976)
2020-05-29|14:49:41.555|INFO|[RMI TCP Connection(1)-10.0.75.1]|o.a.c.c.C.[Tomcat].[localhost].[/]|173|Initializing Spring DispatcherServlet 'dispatcherServlet'
2020-05-29|14:49:41.556|INFO|[RMI TCP Connection(1)-10.0.75.1]|o.s.web.servlet.DispatcherServlet|525|Initializing Servlet 'dispatcherServlet'
2020-05-29|14:49:41.567|INFO|[RMI TCP Connection(2)-10.0.75.1]|o.s.c.c.c.ConfigServicePropertySourceLocator|249|Fetching config from server at : http://localhost:8088
2020-05-29|14:49:41.577|INFO|[RMI TCP Connection(1)-10.0.75.1]|o.s.web.servlet.DispatcherServlet|547|Completed initialization in 20 ms
2020-05-29|14:49:42.118|INFO|[RMI TCP Connection(2)-10.0.75.1]|o.s.c.c.c.ConfigServicePropertySourceLocator|168|Located environment: name=cache-service, profiles=[default], label=null, version=null, state=null
2020-05-29|14:49:42.295|INFO|[boundedElastic-1]|io.lettuce.core.EpollProvider|68|Starting without optional epoll library
2020-05-29|14:49:42.297|INFO|[boundedElastic-1]|io.lettuce.core.KqueueProvider|70|Starting without optional kqueue library
2020-05-29|14:50:00.001|DEBUG|[ThreadPoolTaskScheduler-1]|c.e.a.c.s.i.AlgorithmInvocationRefreshServiceImpl|61|execute:in()
2020-05-29|14:50:00.002|DEBUG|[ThreadPoolTaskScheduler-1]|c.e.a.c.s.i.AlgorithmRequestServiceImpl|91|getAllKeys:in()
2020-05-29|14:50:00.038|DEBUG|[ThreadPoolTaskScheduler-1]|c.e.a.c.s.i.AlgorithmRequestServiceImpl|95|getAllKeys:out()
2020-05-29|14:50:00.039|DEBUG|[ThreadPoolTaskScheduler-1]|c.e.a.c.s.i.AlgorithmInvocationRefreshServiceImpl|110|pagingKey:in(keySet = [], pageSize = 1)
2020-05-29|14:50:00.039|DEBUG|[ThreadPoolTaskScheduler-1]|c.e.a.c.s.i.AlgorithmInvocationRefreshServiceImpl|133|pagingKey:out(pageList = [])
2020-05-29|14:50:00.040|DEBUG|[ThreadPoolTaskScheduler-1]|c.e.a.c.s.i.AlgorithmInvocationRefreshServiceImpl|98|execute:out()
2020-05-29|14:51:14.277|TRACE|[http-nio-8085-exec-1]|org.zalando.logbook.Logbook|21|{"origin":"remote","type":"request","correlation":"ca995224abc338ee","protocol":"HTTP/1.1","remote":"10.0.75.1","method":"GET","uri":"http://PCT374.IfiSolution.local:8085/v2/api-docs","headers":{"accept":["application/json,*/*"],"accept-encoding":["gzip, deflate, br"],"accept-language":["vi,en-GB;q=0.9,en;q=0.8"],"connection":["Keep-Alive"],"content-length":["0"],"host":["PCT374.IfiSolution.local:8085"],"referer":["http://localhost:8060/swagger-ui.html"],"sec-fetch-dest":["empty"],"sec-fetch-mode":["cors"],"sec-fetch-site":["same-origin"],"user-agent":["Mozilla/5.0 (Windows NT 10.0; Win64; x64) AppleWebKit/537.36 (KHTML, like Gecko) Chrome/83.0.4103.61 Safari/537.36"],"x-b3-parentspanid":["b2a18831a46352e4"],"x-b3-sampled":["0"],"x-b3-spanid":["d988648c1154b558"],"x-b3-traceid":["b2a18831a46352e4"],"x-forwarded-for":["0:0:0:0:0:0:0:1"],"x-forwarded-host":["localhost:8060"],"x-forwarded-port":["8060"],"x-forwarded-prefix":["/cache"],"x-forwarded-proto":["http"]}}
2020-05-29|14:51:14.442|TRACE|[http-nio-8085-exec-1]|org.zalando.logbook.Logbook|26|{"origin":"local","type":"response","correlation":"ca995224abc338ee","duration":228,"protocol":"HTTP/1.1","status":200,"headers":{"Connection":["keep-alive"],"Content-Encoding":["gzip"],"Content-Type":["application/json"],"Date":["Fri, 29 May 2020 07:51:14 GMT"],"Keep-Alive":["timeout=60"],"Transfer-Encoding":["chunked"],"vary":["accept-encoding"]},"body":{"swagger":"2.0","info":{"description":"Documentation algo cache API v1.0","version":"1.0","title":"Algo cache API"},"host":"localhost:8060","basePath":"/cache/","tags":[{"name":"cache-algorithm","description":"Algorithm Request Controller"}],"paths":{"/api/cache/delete/{id}":{"delete":{"tags":["cache-algorithm"],"summary":"delete","operationId":"deleteUsingDELETE","produces":["*/*"],"parameters":[{"name":"id","in":"path","description":"id","required":true,"type":"string"}],"responses":{"200":{"description":"OK","schema":{"$ref":"#/definitions/DataGenericOutput"}},"204":{"description":"No Content"},"401":{"description":"Unauthorized"},"403":{"description":"Forbidden"}}}},"/api/cache/getByKey/{id}":{"get":{"tags":["cache-algorithm"],"summary":"getByKey","operationId":"getByKeyUsingGET","produces":["*/*"],"parameters":[{"name":"id","in":"path","description":"id","required":true,"type":"string"}],"responses":{"200":{"description":"OK","schema":{"$ref":"#/definitions/AlgorithmCacheDTO"}},"401":{"description":"Unauthorized"},"403":{"description":"Forbidden"},"404":{"description":"Not Found"}}}},"/api/cache/refresh":{"get":{"tags":["cache-algorithm"],"summary":"refreshCache","operationId":"refreshCacheUsingGET","produces":["*/*"],"responses":{"200":{"description":"OK","schema":{"type":"string"}},"401":{"description":"Unauthorized"},"403":{"description":"Forbidden"},"404":{"description":"Not Found"}}}},"/api/cache/saveOrUpdate":{"post":{"tags":["cache-algorithm"],"summary":"saveOrUpdate","operationId":"saveOrUpdateUsingPOST","consumes":["application/json"],"produces":["*/*"],"parameters":[{"in":"body","name":"algorithmCacheDTO","description":"algorithmCacheDTO","required":true,"schema":{"$ref":"#/definitions/AlgorithmCacheDTO"}}],"responses":{"200":{"description":"OK","schema":{"$ref":"#/definitions/AlgorithmCacheDTO"}},"201":{"description":"Created"},"401":{"description":"Unauthorized"},"403":{"description":"Forbidden"},"404":{"description":"Not Found"}}}}},"definitions":{"AlgorithmCacheDTO":{"type":"object","properties":{"algorithm_id":{"type":"string","description":"algorithm id","allowEmptyValue":false},"data_frame_out":{"type":"string","description":"data frame out","allowEmptyValue":false},"hit":{"type":"integer","format":"int64","description":"hit","allowEmptyValue":false},"input_request":{"type":"string"},"last_request_date":{"type":"string","description":"last request date","allowEmptyValue":false},"last_update_date":{"type":"string","description":"last update date","allowEmptyValue":false},"method-name":{"type":"string","description":"method name","allowEmptyValue":false}},"title":"AlgorithmCacheDTO"},"DataGenericOutput":{"type":"object","properties":{"code":{"type":"string"},"data":{"type":"object"},"description":{"type":"string"},"success":{"type":"boolean"}},"title":"DataGenericOutput"}}}}
2020-05-29|14:51:18.063|TRACE|[http-nio-8085-exec-2]|org.zalando.logbook.Logbook|21|{"origin":"remote","type":"request","correlation":"f47493ad85d550eb","protocol":"HTTP/1.1","remote":"10.0.75.1","method":"GET","uri":"http://PCT374.IfiSolution.local:8085/api/cache/getByKey/123","headers":{"accept":["*/*"],"accept-encoding":["gzip, deflate, br"],"accept-language":["vi,en-GB;q=0.9,en;q=0.8"],"connection":["Keep-Alive"],"content-length":["0"],"host":["PCT374.IfiSolution.local:8085"],"referer":["http://localhost:8060/swagger-ui.html"],"sec-fetch-dest":["empty"],"sec-fetch-mode":["cors"],"sec-fetch-site":["same-origin"],"user-agent":["Mozilla/5.0 (Windows NT 10.0; Win64; x64) AppleWebKit/537.36 (KHTML, like Gecko) Chrome/83.0.4103.61 Safari/537.36"],"x-b3-parentspanid":["d3ffc34aecf94330"],"x-b3-sampled":["0"],"x-b3-spanid":["3f3f9cb1ad934b97"],"x-b3-traceid":["d3ffc34aecf94330"],"x-forwarded-for":["0:0:0:0:0:0:0:1"],"x-forwarded-host":["localhost:8060"],"x-forwarded-port":["8060"],"x-forwarded-prefix":["/cache"],"x-forwarded-proto":["http"]}}
2020-05-29|14:51:18.077|INFO|[http-nio-8085-exec-2]|c.e.a.c.c.AlgorithmRequestController|79|GET api/cache/getByKey/123
2020-05-29|14:51:18.077|DEBUG|[http-nio-8085-exec-2]|c.e.a.c.s.i.AlgorithmRequestServiceImpl|107|findByKey:in(key = 123)
2020-05-29|14:51:18.083|DEBUG|[http-nio-8085-exec-2]|c.e.a.c.s.i.AlgorithmRequestServiceImpl|120|findByKey:out(algorithmCacheDTO = null)
2020-05-29|14:51:18.084|INFO|[http-nio-8085-exec-2]|c.e.a.c.c.AlgorithmRequestController|84|Get algorithm cache by key successfully with id = 123, algorithmCacheDTO = null
2020-05-29|14:51:18.090|TRACE|[http-nio-8085-exec-2]|org.zalando.logbook.Logbook|26|{"origin":"local","type":"response","correlation":"f47493ad85d550eb","duration":28,"protocol":"HTTP/1.1","status":200,"headers":{"Connection":["keep-alive"],"Date":["Fri, 29 May 2020 07:51:18 GMT"],"Keep-Alive":["timeout=60"],"Transfer-Encoding":["chunked"]}}
2020-05-29|14:52:00.003|DEBUG|[ThreadPoolTaskScheduler-2]|c.e.a.c.s.i.AlgorithmInvocationRefreshServiceImpl|61|execute:in()
2020-05-29|14:52:00.004|DEBUG|[ThreadPoolTaskScheduler-2]|c.e.a.c.s.i.AlgorithmRequestServiceImpl|91|getAllKeys:in()
2020-05-29|14:52:00.006|DEBUG|[ThreadPoolTaskScheduler-2]|c.e.a.c.s.i.AlgorithmRequestServiceImpl|95|getAllKeys:out()
2020-05-29|14:52:00.006|DEBUG|[ThreadPoolTaskScheduler-2]|c.e.a.c.s.i.AlgorithmInvocationRefreshServiceImpl|110|pagingKey:in(keySet = [], pageSize = 1)
2020-05-29|14:52:00.007|DEBUG|[ThreadPoolTaskScheduler-2]|c.e.a.c.s.i.AlgorithmInvocationRefreshServiceImpl|133|pagingKey:out(pageList = [])
2020-05-29|14:52:00.007|DEBUG|[ThreadPoolTaskScheduler-2]|c.e.a.c.s.i.AlgorithmInvocationRefreshServiceImpl|98|execute:out()
2020-05-29|14:54:00.003|DEBUG|[ThreadPoolTaskScheduler-3]|c.e.a.c.s.i.AlgorithmInvocationRefreshServiceImpl|61|execute:in()
2020-05-29|14:54:00.004|DEBUG|[ThreadPoolTaskScheduler-3]|c.e.a.c.s.i.AlgorithmRequestServiceImpl|91|getAllKeys:in()
2020-05-29|14:54:00.006|DEBUG|[ThreadPoolTaskScheduler-3]|c.e.a.c.s.i.AlgorithmRequestServiceImpl|95|getAllKeys:out()
2020-05-29|14:54:00.006|DEBUG|[ThreadPoolTaskScheduler-3]|c.e.a.c.s.i.AlgorithmInvocationRefreshServiceImpl|110|pagingKey:in(keySet = [], pageSize = 1)
2020-05-29|14:54:00.006|DEBUG|[ThreadPoolTaskScheduler-3]|c.e.a.c.s.i.AlgorithmInvocationRefreshServiceImpl|133|pagingKey:out(pageList = [])
2020-05-29|14:54:00.006|DEBUG|[ThreadPoolTaskScheduler-3]|c.e.a.c.s.i.AlgorithmInvocationRefreshServiceImpl|98|execute:out()
2020-05-29|14:54:39.779|INFO|[AsyncResolver-bootstrap-executor-0]|c.n.d.s.r.aws.ConfigClusterResolver|43|Resolving eureka endpoints via configuration
2020-05-29|14:56:00.003|DEBUG|[ThreadPoolTaskScheduler-3]|c.e.a.c.s.i.AlgorithmInvocationRefreshServiceImpl|61|execute:in()
2020-05-29|14:56:00.004|DEBUG|[ThreadPoolTaskScheduler-3]|c.e.a.c.s.i.AlgorithmRequestServiceImpl|91|getAllKeys:in()
2020-05-29|14:56:00.007|DEBUG|[ThreadPoolTaskScheduler-3]|c.e.a.c.s.i.AlgorithmRequestServiceImpl|95|getAllKeys:out()
2020-05-29|14:56:00.008|DEBUG|[ThreadPoolTaskScheduler-3]|c.e.a.c.s.i.AlgorithmInvocationRefreshServiceImpl|110|pagingKey:in(keySet = [], pageSize = 1)
2020-05-29|14:56:00.008|DEBUG|[ThreadPoolTaskScheduler-3]|c.e.a.c.s.i.AlgorithmInvocationRefreshServiceImpl|133|pagingKey:out(pageList = [])
2020-05-29|14:56:00.008|DEBUG|[ThreadPoolTaskScheduler-3]|c.e.a.c.s.i.AlgorithmInvocationRefreshServiceImpl|98|execute:out()
2020-05-29|14:58:00.005|DEBUG|[ThreadPoolTaskScheduler-1]|c.e.a.c.s.i.AlgorithmInvocationRefreshServiceImpl|61|execute:in()
2020-05-29|14:58:00.007|DEBUG|[ThreadPoolTaskScheduler-1]|c.e.a.c.s.i.AlgorithmRequestServiceImpl|91|getAllKeys:in()
2020-05-29|14:58:00.009|DEBUG|[ThreadPoolTaskScheduler-1]|c.e.a.c.s.i.AlgorithmRequestServiceImpl|95|getAllKeys:out()
2020-05-29|14:58:00.009|DEBUG|[ThreadPoolTaskScheduler-1]|c.e.a.c.s.i.AlgorithmInvocationRefreshServiceImpl|110|pagingKey:in(keySet = [], pageSize = 1)
2020-05-29|14:58:00.010|DEBUG|[ThreadPoolTaskScheduler-1]|c.e.a.c.s.i.AlgorithmInvocationRefreshServiceImpl|133|pagingKey:out(pageList = [])
2020-05-29|14:58:00.010|DEBUG|[ThreadPoolTaskScheduler-1]|c.e.a.c.s.i.AlgorithmInvocationRefreshServiceImpl|98|execute:out()
2020-05-29|14:59:39.788|INFO|[AsyncResolver-bootstrap-executor-0]|c.n.d.s.r.aws.ConfigClusterResolver|43|Resolving eureka endpoints via configuration
2020-05-29|15:00:00.014|DEBUG|[ThreadPoolTaskScheduler-5]|c.e.a.c.s.i.AlgorithmInvocationRefreshServiceImpl|61|execute:in()
2020-05-29|15:00:00.017|DEBUG|[ThreadPoolTaskScheduler-5]|c.e.a.c.s.i.AlgorithmRequestServiceImpl|91|getAllKeys:in()
2020-05-29|15:00:00.017|DEBUG|[ThreadPoolTaskScheduler-4]|c.e.a.c.s.i.AlgorithmInvocationDeleteServiceImpl|37|execute:in()
2020-05-29|15:00:00.019|DEBUG|[ThreadPoolTaskScheduler-5]|c.e.a.c.s.i.AlgorithmRequestServiceImpl|95|getAllKeys:out()
2020-05-29|15:00:00.021|DEBUG|[ThreadPoolTaskScheduler-5]|c.e.a.c.s.i.AlgorithmInvocationRefreshServiceImpl|110|pagingKey:in(keySet = [], pageSize = 1)
2020-05-29|15:00:00.022|DEBUG|[ThreadPoolTaskScheduler-5]|c.e.a.c.s.i.AlgorithmInvocationRefreshServiceImpl|133|pagingKey:out(pageList = [])
2020-05-29|15:00:00.022|DEBUG|[ThreadPoolTaskScheduler-5]|c.e.a.c.s.i.AlgorithmInvocationRefreshServiceImpl|98|execute:out()
2020-05-29|15:00:00.022|DEBUG|[ThreadPoolTaskScheduler-4]|c.e.a.c.s.i.AlgorithmInvocationDeleteServiceImpl|51|deleteExpiryRequest:in(expiryTime = 24, unitExpiryTime = hour)
2020-05-29|15:00:00.023|DEBUG|[ThreadPoolTaskScheduler-4]|c.e.a.c.s.i.AlgorithmRequestServiceImpl|91|getAllKeys:in()
2020-05-29|15:00:00.033|DEBUG|[ThreadPoolTaskScheduler-4]|c.e.a.c.s.i.AlgorithmRequestServiceImpl|95|getAllKeys:out()
2020-05-29|15:00:00.034|DEBUG|[ThreadPoolTaskScheduler-4]|c.e.a.c.s.i.AlgorithmInvocationDeleteServiceImpl|82|deleteExpiryRequest:out()
2020-05-29|15:00:00.034|DEBUG|[ThreadPoolTaskScheduler-4]|c.e.a.c.s.i.AlgorithmInvocationDeleteServiceImpl|41|execute:out()
2020-05-29|15:02:00.002|DEBUG|[ThreadPoolTaskScheduler-3]|c.e.a.c.s.i.AlgorithmInvocationRefreshServiceImpl|61|execute:in()
2020-05-29|15:02:00.003|DEBUG|[ThreadPoolTaskScheduler-3]|c.e.a.c.s.i.AlgorithmRequestServiceImpl|91|getAllKeys:in()
2020-05-29|15:02:00.005|DEBUG|[ThreadPoolTaskScheduler-3]|c.e.a.c.s.i.AlgorithmRequestServiceImpl|95|getAllKeys:out()
2020-05-29|15:02:00.006|DEBUG|[ThreadPoolTaskScheduler-3]|c.e.a.c.s.i.AlgorithmInvocationRefreshServiceImpl|110|pagingKey:in(keySet = [], pageSize = 1)
2020-05-29|15:02:00.006|DEBUG|[ThreadPoolTaskScheduler-3]|c.e.a.c.s.i.AlgorithmInvocationRefreshServiceImpl|133|pagingKey:out(pageList = [])
2020-05-29|15:02:00.006|DEBUG|[ThreadPoolTaskScheduler-3]|c.e.a.c.s.i.AlgorithmInvocationRefreshServiceImpl|98|execute:out()
2020-05-29|15:04:00.003|DEBUG|[ThreadPoolTaskScheduler-3]|c.e.a.c.s.i.AlgorithmInvocationRefreshServiceImpl|61|execute:in()
2020-05-29|15:04:00.005|DEBUG|[ThreadPoolTaskScheduler-3]|c.e.a.c.s.i.AlgorithmRequestServiceImpl|91|getAllKeys:in()
2020-05-29|15:04:00.007|DEBUG|[ThreadPoolTaskScheduler-3]|c.e.a.c.s.i.AlgorithmRequestServiceImpl|95|getAllKeys:out()
2020-05-29|15:04:00.007|DEBUG|[ThreadPoolTaskScheduler-3]|c.e.a.c.s.i.AlgorithmInvocationRefreshServiceImpl|110|pagingKey:in(keySet = [], pageSize = 1)
2020-05-29|15:04:00.008|DEBUG|[ThreadPoolTaskScheduler-3]|c.e.a.c.s.i.AlgorithmInvocationRefreshServiceImpl|133|pagingKey:out(pageList = [])
2020-05-29|15:04:00.008|DEBUG|[ThreadPoolTaskScheduler-3]|c.e.a.c.s.i.AlgorithmInvocationRefreshServiceImpl|98|execute:out()
2020-05-29|15:04:39.793|INFO|[AsyncResolver-bootstrap-executor-0]|c.n.d.s.r.aws.ConfigClusterResolver|43|Resolving eureka endpoints via configuration
2020-05-29|15:06:00.003|DEBUG|[ThreadPoolTaskScheduler-3]|c.e.a.c.s.i.AlgorithmInvocationRefreshServiceImpl|61|execute:in()
2020-05-29|15:06:00.005|DEBUG|[ThreadPoolTaskScheduler-3]|c.e.a.c.s.i.AlgorithmRequestServiceImpl|91|getAllKeys:in()
2020-05-29|15:06:00.006|DEBUG|[ThreadPoolTaskScheduler-3]|c.e.a.c.s.i.AlgorithmRequestServiceImpl|95|getAllKeys:out()
2020-05-29|15:06:00.007|DEBUG|[ThreadPoolTaskScheduler-3]|c.e.a.c.s.i.AlgorithmInvocationRefreshServiceImpl|110|pagingKey:in(keySet = [], pageSize = 1)
2020-05-29|15:06:00.007|DEBUG|[ThreadPoolTaskScheduler-3]|c.e.a.c.s.i.AlgorithmInvocationRefreshServiceImpl|133|pagingKey:out(pageList = [])
2020-05-29|15:06:00.007|DEBUG|[ThreadPoolTaskScheduler-3]|c.e.a.c.s.i.AlgorithmInvocationRefreshServiceImpl|98|execute:out()
2020-05-29|15:08:00.002|DEBUG|[ThreadPoolTaskScheduler-3]|c.e.a.c.s.i.AlgorithmInvocationRefreshServiceImpl|61|execute:in()
2020-05-29|15:08:00.003|DEBUG|[ThreadPoolTaskScheduler-3]|c.e.a.c.s.i.AlgorithmRequestServiceImpl|91|getAllKeys:in()
2020-05-29|15:08:00.005|DEBUG|[ThreadPoolTaskScheduler-3]|c.e.a.c.s.i.AlgorithmRequestServiceImpl|95|getAllKeys:out()
2020-05-29|15:08:00.006|DEBUG|[ThreadPoolTaskScheduler-3]|c.e.a.c.s.i.AlgorithmInvocationRefreshServiceImpl|110|pagingKey:in(keySet = [], pageSize = 1)
2020-05-29|15:08:00.006|DEBUG|[ThreadPoolTaskScheduler-3]|c.e.a.c.s.i.AlgorithmInvocationRefreshServiceImpl|133|pagingKey:out(pageList = [])
2020-05-29|15:08:00.006|DEBUG|[ThreadPoolTaskScheduler-3]|c.e.a.c.s.i.AlgorithmInvocationRefreshServiceImpl|98|execute:out()
2020-05-29|15:09:39.796|INFO|[AsyncResolver-bootstrap-executor-0]|c.n.d.s.r.aws.ConfigClusterResolver|43|Resolving eureka endpoints via configuration
2020-05-29|15:10:00.003|DEBUG|[ThreadPoolTaskScheduler-3]|c.e.a.c.s.i.AlgorithmInvocationRefreshServiceImpl|61|execute:in()
2020-05-29|15:10:00.005|DEBUG|[ThreadPoolTaskScheduler-3]|c.e.a.c.s.i.AlgorithmRequestServiceImpl|91|getAllKeys:in()
2020-05-29|15:10:00.007|DEBUG|[ThreadPoolTaskScheduler-3]|c.e.a.c.s.i.AlgorithmRequestServiceImpl|95|getAllKeys:out()
2020-05-29|15:10:00.008|DEBUG|[ThreadPoolTaskScheduler-3]|c.e.a.c.s.i.AlgorithmInvocationRefreshServiceImpl|110|pagingKey:in(keySet = [], pageSize = 1)
2020-05-29|15:10:00.008|DEBUG|[ThreadPoolTaskScheduler-3]|c.e.a.c.s.i.AlgorithmInvocationRefreshServiceImpl|133|pagingKey:out(pageList = [])
2020-05-29|15:10:00.009|DEBUG|[ThreadPoolTaskScheduler-3]|c.e.a.c.s.i.AlgorithmInvocationRefreshServiceImpl|98|execute:out()
2020-05-29|15:12:00.001|DEBUG|[ThreadPoolTaskScheduler-3]|c.e.a.c.s.i.AlgorithmInvocationRefreshServiceImpl|61|execute:in()
2020-05-29|15:12:00.002|DEBUG|[ThreadPoolTaskScheduler-3]|c.e.a.c.s.i.AlgorithmRequestServiceImpl|91|getAllKeys:in()
2020-05-29|15:12:00.004|DEBUG|[ThreadPoolTaskScheduler-3]|c.e.a.c.s.i.AlgorithmRequestServiceImpl|95|getAllKeys:out()
2020-05-29|15:12:00.004|DEBUG|[ThreadPoolTaskScheduler-3]|c.e.a.c.s.i.AlgorithmInvocationRefreshServiceImpl|110|pagingKey:in(keySet = [], pageSize = 1)
2020-05-29|15:12:00.004|DEBUG|[ThreadPoolTaskScheduler-3]|c.e.a.c.s.i.AlgorithmInvocationRefreshServiceImpl|133|pagingKey:out(pageList = [])
2020-05-29|15:12:00.004|DEBUG|[ThreadPoolTaskScheduler-3]|c.e.a.c.s.i.AlgorithmInvocationRefreshServiceImpl|98|execute:out()
2020-05-29|15:14:00.003|DEBUG|[ThreadPoolTaskScheduler-7]|c.e.a.c.s.i.AlgorithmInvocationRefreshServiceImpl|61|execute:in()
2020-05-29|15:14:00.003|DEBUG|[ThreadPoolTaskScheduler-7]|c.e.a.c.s.i.AlgorithmRequestServiceImpl|91|getAllKeys:in()
2020-05-29|15:14:00.005|DEBUG|[ThreadPoolTaskScheduler-7]|c.e.a.c.s.i.AlgorithmRequestServiceImpl|95|getAllKeys:out()
2020-05-29|15:14:00.006|DEBUG|[ThreadPoolTaskScheduler-7]|c.e.a.c.s.i.AlgorithmInvocationRefreshServiceImpl|110|pagingKey:in(keySet = [], pageSize = 1)
2020-05-29|15:14:00.006|DEBUG|[ThreadPoolTaskScheduler-7]|c.e.a.c.s.i.AlgorithmInvocationRefreshServiceImpl|133|pagingKey:out(pageList = [])
2020-05-29|15:14:00.006|DEBUG|[ThreadPoolTaskScheduler-7]|c.e.a.c.s.i.AlgorithmInvocationRefreshServiceImpl|98|execute:out()
2020-05-29|15:14:39.800|INFO|[AsyncResolver-bootstrap-executor-0]|c.n.d.s.r.aws.ConfigClusterResolver|43|Resolving eureka endpoints via configuration
2020-05-29|15:16:00.001|DEBUG|[ThreadPoolTaskScheduler-7]|c.e.a.c.s.i.AlgorithmInvocationRefreshServiceImpl|61|execute:in()
2020-05-29|15:16:00.002|DEBUG|[ThreadPoolTaskScheduler-7]|c.e.a.c.s.i.AlgorithmRequestServiceImpl|91|getAllKeys:in()
2020-05-29|15:16:00.004|DEBUG|[ThreadPoolTaskScheduler-7]|c.e.a.c.s.i.AlgorithmRequestServiceImpl|95|getAllKeys:out()
2020-05-29|15:16:00.004|DEBUG|[ThreadPoolTaskScheduler-7]|c.e.a.c.s.i.AlgorithmInvocationRefreshServiceImpl|110|pagingKey:in(keySet = [], pageSize = 1)
2020-05-29|15:16:00.006|DEBUG|[ThreadPoolTaskScheduler-7]|c.e.a.c.s.i.AlgorithmInvocationRefreshServiceImpl|133|pagingKey:out(pageList = [])
2020-05-29|15:16:00.006|DEBUG|[ThreadPoolTaskScheduler-7]|c.e.a.c.s.i.AlgorithmInvocationRefreshServiceImpl|98|execute:out()
2020-05-29|15:18:00.001|DEBUG|[ThreadPoolTaskScheduler-4]|c.e.a.c.s.i.AlgorithmInvocationRefreshServiceImpl|61|execute:in()
2020-05-29|15:18:00.002|DEBUG|[ThreadPoolTaskScheduler-4]|c.e.a.c.s.i.AlgorithmRequestServiceImpl|91|getAllKeys:in()
2020-05-29|15:18:00.005|DEBUG|[ThreadPoolTaskScheduler-4]|c.e.a.c.s.i.AlgorithmRequestServiceImpl|95|getAllKeys:out()
2020-05-29|15:18:00.005|DEBUG|[ThreadPoolTaskScheduler-4]|c.e.a.c.s.i.AlgorithmInvocationRefreshServiceImpl|110|pagingKey:in(keySet = [], pageSize = 1)
2020-05-29|15:18:00.006|DEBUG|[ThreadPoolTaskScheduler-4]|c.e.a.c.s.i.AlgorithmInvocationRefreshServiceImpl|133|pagingKey:out(pageList = [])
2020-05-29|15:18:00.006|DEBUG|[ThreadPoolTaskScheduler-4]|c.e.a.c.s.i.AlgorithmInvocationRefreshServiceImpl|98|execute:out()
2020-05-29|15:19:39.804|INFO|[AsyncResolver-bootstrap-executor-0]|c.n.d.s.r.aws.ConfigClusterResolver|43|Resolving eureka endpoints via configuration
2020-05-29|15:20:00.002|DEBUG|[ThreadPoolTaskScheduler-4]|c.e.a.c.s.i.AlgorithmInvocationRefreshServiceImpl|61|execute:in()
2020-05-29|15:20:00.003|DEBUG|[ThreadPoolTaskScheduler-4]|c.e.a.c.s.i.AlgorithmRequestServiceImpl|91|getAllKeys:in()
2020-05-29|15:20:00.005|DEBUG|[ThreadPoolTaskScheduler-4]|c.e.a.c.s.i.AlgorithmRequestServiceImpl|95|getAllKeys:out()
2020-05-29|15:20:00.005|DEBUG|[ThreadPoolTaskScheduler-4]|c.e.a.c.s.i.AlgorithmInvocationRefreshServiceImpl|110|pagingKey:in(keySet = [], pageSize = 1)
2020-05-29|15:20:00.006|DEBUG|[ThreadPoolTaskScheduler-4]|c.e.a.c.s.i.AlgorithmInvocationRefreshServiceImpl|133|pagingKey:out(pageList = [])
2020-05-29|15:20:00.006|DEBUG|[ThreadPoolTaskScheduler-4]|c.e.a.c.s.i.AlgorithmInvocationRefreshServiceImpl|98|execute:out()
2020-05-29|15:22:00.003|DEBUG|[ThreadPoolTaskScheduler-4]|c.e.a.c.s.i.AlgorithmInvocationRefreshServiceImpl|61|execute:in()
2020-05-29|15:22:00.004|DEBUG|[ThreadPoolTaskScheduler-4]|c.e.a.c.s.i.AlgorithmRequestServiceImpl|91|getAllKeys:in()
2020-05-29|15:22:00.008|DEBUG|[ThreadPoolTaskScheduler-4]|c.e.a.c.s.i.AlgorithmRequestServiceImpl|95|getAllKeys:out()
2020-05-29|15:22:00.009|DEBUG|[ThreadPoolTaskScheduler-4]|c.e.a.c.s.i.AlgorithmInvocationRefreshServiceImpl|110|pagingKey:in(keySet = [], pageSize = 1)
2020-05-29|15:22:00.009|DEBUG|[ThreadPoolTaskScheduler-4]|c.e.a.c.s.i.AlgorithmInvocationRefreshServiceImpl|133|pagingKey:out(pageList = [])
2020-05-29|15:22:00.009|DEBUG|[ThreadPoolTaskScheduler-4]|c.e.a.c.s.i.AlgorithmInvocationRefreshServiceImpl|98|execute:out()
2020-05-29|15:24:00.002|DEBUG|[ThreadPoolTaskScheduler-4]|c.e.a.c.s.i.AlgorithmInvocationRefreshServiceImpl|61|execute:in()
2020-05-29|15:24:00.003|DEBUG|[ThreadPoolTaskScheduler-4]|c.e.a.c.s.i.AlgorithmRequestServiceImpl|91|getAllKeys:in()
2020-05-29|15:24:00.004|DEBUG|[ThreadPoolTaskScheduler-4]|c.e.a.c.s.i.AlgorithmRequestServiceImpl|95|getAllKeys:out()
2020-05-29|15:24:00.005|DEBUG|[ThreadPoolTaskScheduler-4]|c.e.a.c.s.i.AlgorithmInvocationRefreshServiceImpl|110|pagingKey:in(keySet = [], pageSize = 1)
2020-05-29|15:24:00.006|DEBUG|[ThreadPoolTaskScheduler-4]|c.e.a.c.s.i.AlgorithmInvocationRefreshServiceImpl|133|pagingKey:out(pageList = [])
2020-05-29|15:24:00.006|DEBUG|[ThreadPoolTaskScheduler-4]|c.e.a.c.s.i.AlgorithmInvocationRefreshServiceImpl|98|execute:out()
2020-05-29|15:24:39.807|INFO|[AsyncResolver-bootstrap-executor-0]|c.n.d.s.r.aws.ConfigClusterResolver|43|Resolving eureka endpoints via configuration
2020-05-29|15:26:00.002|DEBUG|[ThreadPoolTaskScheduler-8]|c.e.a.c.s.i.AlgorithmInvocationRefreshServiceImpl|61|execute:in()
2020-05-29|15:26:00.003|DEBUG|[ThreadPoolTaskScheduler-8]|c.e.a.c.s.i.AlgorithmRequestServiceImpl|91|getAllKeys:in()
2020-05-29|15:26:00.006|DEBUG|[ThreadPoolTaskScheduler-8]|c.e.a.c.s.i.AlgorithmRequestServiceImpl|95|getAllKeys:out()
2020-05-29|15:26:00.007|DEBUG|[ThreadPoolTaskScheduler-8]|c.e.a.c.s.i.AlgorithmInvocationRefreshServiceImpl|110|pagingKey:in(keySet = [], pageSize = 1)
2020-05-29|15:26:00.007|DEBUG|[ThreadPoolTaskScheduler-8]|c.e.a.c.s.i.AlgorithmInvocationRefreshServiceImpl|133|pagingKey:out(pageList = [])
2020-05-29|15:26:00.007|DEBUG|[ThreadPoolTaskScheduler-8]|c.e.a.c.s.i.AlgorithmInvocationRefreshServiceImpl|98|execute:out()
2020-05-29|15:28:00.000|DEBUG|[ThreadPoolTaskScheduler-8]|c.e.a.c.s.i.AlgorithmInvocationRefreshServiceImpl|61|execute:in()
2020-05-29|15:28:00.001|DEBUG|[ThreadPoolTaskScheduler-8]|c.e.a.c.s.i.AlgorithmRequestServiceImpl|91|getAllKeys:in()
2020-05-29|15:28:00.008|DEBUG|[ThreadPoolTaskScheduler-8]|c.e.a.c.s.i.AlgorithmRequestServiceImpl|95|getAllKeys:out()
2020-05-29|15:28:00.008|DEBUG|[ThreadPoolTaskScheduler-8]|c.e.a.c.s.i.AlgorithmInvocationRefreshServiceImpl|110|pagingKey:in(keySet = [], pageSize = 1)
2020-05-29|15:28:00.009|DEBUG|[ThreadPoolTaskScheduler-8]|c.e.a.c.s.i.AlgorithmInvocationRefreshServiceImpl|133|pagingKey:out(pageList = [])
2020-05-29|15:28:00.009|DEBUG|[ThreadPoolTaskScheduler-8]|c.e.a.c.s.i.AlgorithmInvocationRefreshServiceImpl|98|execute:out()
2020-05-29|15:29:39.810|INFO|[AsyncResolver-bootstrap-executor-0]|c.n.d.s.r.aws.ConfigClusterResolver|43|Resolving eureka endpoints via configuration
2020-05-29|15:30:00.001|DEBUG|[ThreadPoolTaskScheduler-8]|c.e.a.c.s.i.AlgorithmInvocationRefreshServiceImpl|61|execute:in()
2020-05-29|15:30:00.002|DEBUG|[ThreadPoolTaskScheduler-8]|c.e.a.c.s.i.AlgorithmRequestServiceImpl|91|getAllKeys:in()
2020-05-29|15:30:00.006|DEBUG|[ThreadPoolTaskScheduler-8]|c.e.a.c.s.i.AlgorithmRequestServiceImpl|95|getAllKeys:out()
2020-05-29|15:30:00.006|DEBUG|[ThreadPoolTaskScheduler-8]|c.e.a.c.s.i.AlgorithmInvocationRefreshServiceImpl|110|pagingKey:in(keySet = [], pageSize = 1)
2020-05-29|15:30:00.007|DEBUG|[ThreadPoolTaskScheduler-8]|c.e.a.c.s.i.AlgorithmInvocationRefreshServiceImpl|133|pagingKey:out(pageList = [])
2020-05-29|15:30:00.007|DEBUG|[ThreadPoolTaskScheduler-8]|c.e.a.c.s.i.AlgorithmInvocationRefreshServiceImpl|98|execute:out()
2020-05-29|15:32:00.002|DEBUG|[ThreadPoolTaskScheduler-8]|c.e.a.c.s.i.AlgorithmInvocationRefreshServiceImpl|61|execute:in()
2020-05-29|15:32:00.003|DEBUG|[ThreadPoolTaskScheduler-8]|c.e.a.c.s.i.AlgorithmRequestServiceImpl|91|getAllKeys:in()
2020-05-29|15:32:00.004|DEBUG|[ThreadPoolTaskScheduler-8]|c.e.a.c.s.i.AlgorithmRequestServiceImpl|95|getAllKeys:out()
2020-05-29|15:32:00.005|DEBUG|[ThreadPoolTaskScheduler-8]|c.e.a.c.s.i.AlgorithmInvocationRefreshServiceImpl|110|pagingKey:in(keySet = [], pageSize = 1)
2020-05-29|15:32:00.005|DEBUG|[ThreadPoolTaskScheduler-8]|c.e.a.c.s.i.AlgorithmInvocationRefreshServiceImpl|133|pagingKey:out(pageList = [])
2020-05-29|15:32:00.006|DEBUG|[ThreadPoolTaskScheduler-8]|c.e.a.c.s.i.AlgorithmInvocationRefreshServiceImpl|98|execute:out()
2020-05-29|15:34:00.002|DEBUG|[ThreadPoolTaskScheduler-5]|c.e.a.c.s.i.AlgorithmInvocationRefreshServiceImpl|61|execute:in()
2020-05-29|15:34:00.003|DEBUG|[ThreadPoolTaskScheduler-5]|c.e.a.c.s.i.AlgorithmRequestServiceImpl|91|getAllKeys:in()
2020-05-29|15:34:00.007|DEBUG|[ThreadPoolTaskScheduler-5]|c.e.a.c.s.i.AlgorithmRequestServiceImpl|95|getAllKeys:out()
2020-05-29|15:34:00.008|DEBUG|[ThreadPoolTaskScheduler-5]|c.e.a.c.s.i.AlgorithmInvocationRefreshServiceImpl|110|pagingKey:in(keySet = [], pageSize = 1)
2020-05-29|15:34:00.008|DEBUG|[ThreadPoolTaskScheduler-5]|c.e.a.c.s.i.AlgorithmInvocationRefreshServiceImpl|133|pagingKey:out(pageList = [])
2020-05-29|15:34:00.008|DEBUG|[ThreadPoolTaskScheduler-5]|c.e.a.c.s.i.AlgorithmInvocationRefreshServiceImpl|98|execute:out()
2020-05-29|15:34:39.813|INFO|[AsyncResolver-bootstrap-executor-0]|c.n.d.s.r.aws.ConfigClusterResolver|43|Resolving eureka endpoints via configuration
2020-05-29|15:36:00.002|DEBUG|[ThreadPoolTaskScheduler-7]|c.e.a.c.s.i.AlgorithmInvocationRefreshServiceImpl|61|execute:in()
2020-05-29|15:36:00.004|DEBUG|[ThreadPoolTaskScheduler-7]|c.e.a.c.s.i.AlgorithmRequestServiceImpl|91|getAllKeys:in()
2020-05-29|15:36:00.008|DEBUG|[ThreadPoolTaskScheduler-7]|c.e.a.c.s.i.AlgorithmRequestServiceImpl|95|getAllKeys:out()
2020-05-29|15:36:00.009|DEBUG|[ThreadPoolTaskScheduler-7]|c.e.a.c.s.i.AlgorithmInvocationRefreshServiceImpl|110|pagingKey:in(keySet = [], pageSize = 1)
2020-05-29|15:36:00.009|DEBUG|[ThreadPoolTaskScheduler-7]|c.e.a.c.s.i.AlgorithmInvocationRefreshServiceImpl|133|pagingKey:out(pageList = [])
2020-05-29|15:36:00.010|DEBUG|[ThreadPoolTaskScheduler-7]|c.e.a.c.s.i.AlgorithmInvocationRefreshServiceImpl|98|execute:out()
2020-05-29|15:38:00.002|DEBUG|[ThreadPoolTaskScheduler-7]|c.e.a.c.s.i.AlgorithmInvocationRefreshServiceImpl|61|execute:in()
2020-05-29|15:38:00.003|DEBUG|[ThreadPoolTaskScheduler-7]|c.e.a.c.s.i.AlgorithmRequestServiceImpl|91|getAllKeys:in()
2020-05-29|15:38:00.005|DEBUG|[ThreadPoolTaskScheduler-7]|c.e.a.c.s.i.AlgorithmRequestServiceImpl|95|getAllKeys:out()
2020-05-29|15:38:00.005|DEBUG|[ThreadPoolTaskScheduler-7]|c.e.a.c.s.i.AlgorithmInvocationRefreshServiceImpl|110|pagingKey:in(keySet = [], pageSize = 1)
2020-05-29|15:38:00.006|DEBUG|[ThreadPoolTaskScheduler-7]|c.e.a.c.s.i.AlgorithmInvocationRefreshServiceImpl|133|pagingKey:out(pageList = [])
2020-05-29|15:38:00.006|DEBUG|[ThreadPoolTaskScheduler-7]|c.e.a.c.s.i.AlgorithmInvocationRefreshServiceImpl|98|execute:out()
2020-05-29|15:39:39.816|INFO|[AsyncResolver-bootstrap-executor-0]|c.n.d.s.r.aws.ConfigClusterResolver|43|Resolving eureka endpoints via configuration
2020-05-29|15:40:00.001|DEBUG|[ThreadPoolTaskScheduler-7]|c.e.a.c.s.i.AlgorithmInvocationRefreshServiceImpl|61|execute:in()
2020-05-29|15:40:00.002|DEBUG|[ThreadPoolTaskScheduler-7]|c.e.a.c.s.i.AlgorithmRequestServiceImpl|91|getAllKeys:in()
2020-05-29|15:40:00.004|DEBUG|[ThreadPoolTaskScheduler-7]|c.e.a.c.s.i.AlgorithmRequestServiceImpl|95|getAllKeys:out()
2020-05-29|15:40:00.006|DEBUG|[ThreadPoolTaskScheduler-7]|c.e.a.c.s.i.AlgorithmInvocationRefreshServiceImpl|110|pagingKey:in(keySet = [], pageSize = 1)
2020-05-29|15:40:00.006|DEBUG|[ThreadPoolTaskScheduler-7]|c.e.a.c.s.i.AlgorithmInvocationRefreshServiceImpl|133|pagingKey:out(pageList = [])
2020-05-29|15:40:00.007|DEBUG|[ThreadPoolTaskScheduler-7]|c.e.a.c.s.i.AlgorithmInvocationRefreshServiceImpl|98|execute:out()
2020-05-29|15:42:00.002|DEBUG|[ThreadPoolTaskScheduler-7]|c.e.a.c.s.i.AlgorithmInvocationRefreshServiceImpl|61|execute:in()
2020-05-29|15:42:00.003|DEBUG|[ThreadPoolTaskScheduler-7]|c.e.a.c.s.i.AlgorithmRequestServiceImpl|91|getAllKeys:in()
2020-05-29|15:42:00.004|DEBUG|[ThreadPoolTaskScheduler-7]|c.e.a.c.s.i.AlgorithmRequestServiceImpl|95|getAllKeys:out()
2020-05-29|15:42:00.005|DEBUG|[ThreadPoolTaskScheduler-7]|c.e.a.c.s.i.AlgorithmInvocationRefreshServiceImpl|110|pagingKey:in(keySet = [], pageSize = 1)
2020-05-29|15:42:00.005|DEBUG|[ThreadPoolTaskScheduler-7]|c.e.a.c.s.i.AlgorithmInvocationRefreshServiceImpl|133|pagingKey:out(pageList = [])
2020-05-29|15:42:00.006|DEBUG|[ThreadPoolTaskScheduler-7]|c.e.a.c.s.i.AlgorithmInvocationRefreshServiceImpl|98|execute:out()
2020-05-29|15:44:00.003|DEBUG|[ThreadPoolTaskScheduler-7]|c.e.a.c.s.i.AlgorithmInvocationRefreshServiceImpl|61|execute:in()
2020-05-29|15:44:00.004|DEBUG|[ThreadPoolTaskScheduler-7]|c.e.a.c.s.i.AlgorithmRequestServiceImpl|91|getAllKeys:in()
2020-05-29|15:44:00.005|DEBUG|[ThreadPoolTaskScheduler-7]|c.e.a.c.s.i.AlgorithmRequestServiceImpl|95|getAllKeys:out()
2020-05-29|15:44:00.006|DEBUG|[ThreadPoolTaskScheduler-7]|c.e.a.c.s.i.AlgorithmInvocationRefreshServiceImpl|110|pagingKey:in(keySet = [], pageSize = 1)
2020-05-29|15:44:00.006|DEBUG|[ThreadPoolTaskScheduler-7]|c.e.a.c.s.i.AlgorithmInvocationRefreshServiceImpl|133|pagingKey:out(pageList = [])
2020-05-29|15:44:00.006|DEBUG|[ThreadPoolTaskScheduler-7]|c.e.a.c.s.i.AlgorithmInvocationRefreshServiceImpl|98|execute:out()
2020-05-29|15:44:39.819|INFO|[AsyncResolver-bootstrap-executor-0]|c.n.d.s.r.aws.ConfigClusterResolver|43|Resolving eureka endpoints via configuration
2020-05-29|15:46:00.002|DEBUG|[ThreadPoolTaskScheduler-7]|c.e.a.c.s.i.AlgorithmInvocationRefreshServiceImpl|61|execute:in()
2020-05-29|15:46:00.006|DEBUG|[ThreadPoolTaskScheduler-7]|c.e.a.c.s.i.AlgorithmRequestServiceImpl|91|getAllKeys:in()
2020-05-29|15:46:00.009|DEBUG|[ThreadPoolTaskScheduler-7]|c.e.a.c.s.i.AlgorithmRequestServiceImpl|95|getAllKeys:out()
2020-05-29|15:46:00.009|DEBUG|[ThreadPoolTaskScheduler-7]|c.e.a.c.s.i.AlgorithmInvocationRefreshServiceImpl|110|pagingKey:in(keySet = [], pageSize = 1)
2020-05-29|15:46:00.010|DEBUG|[ThreadPoolTaskScheduler-7]|c.e.a.c.s.i.AlgorithmInvocationRefreshServiceImpl|133|pagingKey:out(pageList = [])
2020-05-29|15:46:00.011|DEBUG|[ThreadPoolTaskScheduler-7]|c.e.a.c.s.i.AlgorithmInvocationRefreshServiceImpl|98|execute:out()
2020-05-29|15:48:00.000|DEBUG|[ThreadPoolTaskScheduler-1]|c.e.a.c.s.i.AlgorithmInvocationRefreshServiceImpl|61|execute:in()
2020-05-29|15:48:00.001|DEBUG|[ThreadPoolTaskScheduler-1]|c.e.a.c.s.i.AlgorithmRequestServiceImpl|91|getAllKeys:in()
2020-05-29|15:48:00.008|DEBUG|[ThreadPoolTaskScheduler-1]|c.e.a.c.s.i.AlgorithmRequestServiceImpl|95|getAllKeys:out()
2020-05-29|15:48:00.008|DEBUG|[ThreadPoolTaskScheduler-1]|c.e.a.c.s.i.AlgorithmInvocationRefreshServiceImpl|110|pagingKey:in(keySet = [], pageSize = 1)
2020-05-29|15:48:00.009|DEBUG|[ThreadPoolTaskScheduler-1]|c.e.a.c.s.i.AlgorithmInvocationRefreshServiceImpl|133|pagingKey:out(pageList = [])
2020-05-29|15:48:00.009|DEBUG|[ThreadPoolTaskScheduler-1]|c.e.a.c.s.i.AlgorithmInvocationRefreshServiceImpl|98|execute:out()
2020-05-29|15:49:39.821|INFO|[AsyncResolver-bootstrap-executor-0]|c.n.d.s.r.aws.ConfigClusterResolver|43|Resolving eureka endpoints via configuration
2020-05-29|15:50:00.007|DEBUG|[ThreadPoolTaskScheduler-1]|c.e.a.c.s.i.AlgorithmInvocationRefreshServiceImpl|61|execute:in()
2020-05-29|15:50:00.009|DEBUG|[ThreadPoolTaskScheduler-1]|c.e.a.c.s.i.AlgorithmRequestServiceImpl|91|getAllKeys:in()
2020-05-29|15:50:00.011|DEBUG|[ThreadPoolTaskScheduler-1]|c.e.a.c.s.i.AlgorithmRequestServiceImpl|95|getAllKeys:out()
2020-05-29|15:50:00.012|DEBUG|[ThreadPoolTaskScheduler-1]|c.e.a.c.s.i.AlgorithmInvocationRefreshServiceImpl|110|pagingKey:in(keySet = [], pageSize = 1)
2020-05-29|15:50:00.012|DEBUG|[ThreadPoolTaskScheduler-1]|c.e.a.c.s.i.AlgorithmInvocationRefreshServiceImpl|133|pagingKey:out(pageList = [])
2020-05-29|15:50:00.012|DEBUG|[ThreadPoolTaskScheduler-1]|c.e.a.c.s.i.AlgorithmInvocationRefreshServiceImpl|98|execute:out()
2020-05-29|15:52:00.003|DEBUG|[ThreadPoolTaskScheduler-1]|c.e.a.c.s.i.AlgorithmInvocationRefreshServiceImpl|61|execute:in()
2020-05-29|15:52:00.005|DEBUG|[ThreadPoolTaskScheduler-1]|c.e.a.c.s.i.AlgorithmRequestServiceImpl|91|getAllKeys:in()
2020-05-29|15:52:00.007|DEBUG|[ThreadPoolTaskScheduler-1]|c.e.a.c.s.i.AlgorithmRequestServiceImpl|95|getAllKeys:out()
2020-05-29|15:52:00.007|DEBUG|[ThreadPoolTaskScheduler-1]|c.e.a.c.s.i.AlgorithmInvocationRefreshServiceImpl|110|pagingKey:in(keySet = [], pageSize = 1)
2020-05-29|15:52:00.007|DEBUG|[ThreadPoolTaskScheduler-1]|c.e.a.c.s.i.AlgorithmInvocationRefreshServiceImpl|133|pagingKey:out(pageList = [])
2020-05-29|15:52:00.009|DEBUG|[ThreadPoolTaskScheduler-1]|c.e.a.c.s.i.AlgorithmInvocationRefreshServiceImpl|98|execute:out()
2020-05-29|15:52:41.152|TRACE|[http-nio-8085-exec-3]|org.zalando.logbook.Logbook|21|{"origin":"remote","type":"request","correlation":"ed8ca93046a21e36","protocol":"HTTP/1.1","remote":"10.0.75.1","method":"GET","uri":"http://PCT374.IfiSolution.local:8085/api/cache/getByKey/123","headers":{"accept":["*/*"],"accept-encoding":["gzip, deflate, br"],"accept-language":["vi,en-GB;q=0.9,en;q=0.8"],"connection":["Keep-Alive"],"content-length":["0"],"host":["PCT374.IfiSolution.local:8085"],"referer":["http://localhost:8060/swagger-ui.html"],"sec-fetch-dest":["empty"],"sec-fetch-mode":["cors"],"sec-fetch-site":["same-origin"],"user-agent":["Mozilla/5.0 (Windows NT 10.0; Win64; x64) AppleWebKit/537.36 (KHTML, like Gecko) Chrome/83.0.4103.61 Safari/537.36"],"x-b3-parentspanid":["b68995d96760fbb1"],"x-b3-sampled":["0"],"x-b3-spanid":["f9d8f1035ef17741"],"x-b3-traceid":["b68995d96760fbb1"],"x-forwarded-for":["0:0:0:0:0:0:0:1"],"x-forwarded-host":["localhost:8060"],"x-forwarded-port":["8060"],"x-forwarded-prefix":["/cache"],"x-forwarded-proto":["http"]}}
2020-05-29|15:52:41.175|INFO|[http-nio-8085-exec-3]|c.e.a.c.c.AlgorithmRequestController|79|GET api/cache/getByKey/123
2020-05-29|15:52:41.176|DEBUG|[http-nio-8085-exec-3]|c.e.a.c.s.i.AlgorithmRequestServiceImpl|107|findByKey:in(key = 123)
2020-05-29|15:52:41.181|DEBUG|[http-nio-8085-exec-3]|c.e.a.c.s.i.AlgorithmRequestServiceImpl|120|findByKey:out(algorithmCacheDTO = null)
2020-05-29|15:52:41.182|INFO|[http-nio-8085-exec-3]|c.e.a.c.c.AlgorithmRequestController|84|Get algorithm cache by key successfully with id = 123, algorithmCacheDTO = null
2020-05-29|15:52:41.190|TRACE|[http-nio-8085-exec-3]|org.zalando.logbook.Logbook|26|{"origin":"local","type":"response","correlation":"ed8ca93046a21e36","duration":49,"protocol":"HTTP/1.1","status":200,"headers":{"Connection":["keep-alive"],"Date":["Fri, 29 May 2020 08:52:41 GMT"],"Keep-Alive":["timeout=60"],"Transfer-Encoding":["chunked"]}}
2020-05-29|15:52:41.299|TRACE|[http-nio-8085-exec-5]|org.zalando.logbook.Logbook|21|{"origin":"remote","type":"request","correlation":"b7291f9b08560c98","protocol":"HTTP/1.1","remote":"10.0.75.1","method":"GET","uri":"http://PCT374.IfiSolution.local:8085/api/cache/getByKey/123","headers":{"accept":["*/*"],"accept-encoding":["gzip, deflate, br"],"accept-language":["vi,en-GB;q=0.9,en;q=0.8"],"connection":["Keep-Alive"],"content-length":["0"],"host":["PCT374.IfiSolution.local:8085"],"referer":["http://localhost:8060/swagger-ui.html"],"sec-fetch-dest":["empty"],"sec-fetch-mode":["cors"],"sec-fetch-site":["same-origin"],"user-agent":["Mozilla/5.0 (Windows NT 10.0; Win64; x64) AppleWebKit/537.36 (KHTML, like Gecko) Chrome/83.0.4103.61 Safari/537.36"],"x-b3-parentspanid":["450a8848903cb439"],"x-b3-sampled":["0"],"x-b3-spanid":["1518c8f0163b9199"],"x-b3-traceid":["450a8848903cb439"],"x-forwarded-for":["0:0:0:0:0:0:0:1"],"x-forwarded-host":["localhost:8060"],"x-forwarded-port":["8060"],"x-forwarded-prefix":["/cache"],"x-forwarded-proto":["http"]}}
2020-05-29|15:52:41.301|INFO|[http-nio-8085-exec-5]|c.e.a.c.c.AlgorithmRequestController|79|GET api/cache/getByKey/123
2020-05-29|15:52:41.302|DEBUG|[http-nio-8085-exec-5]|c.e.a.c.s.i.AlgorithmRequestServiceImpl|107|findByKey:in(key = 123)
2020-05-29|15:52:41.303|DEBUG|[http-nio-8085-exec-5]|c.e.a.c.s.i.AlgorithmRequestServiceImpl|120|findByKey:out(algorithmCacheDTO = null)
2020-05-29|15:52:41.304|INFO|[http-nio-8085-exec-5]|c.e.a.c.c.AlgorithmRequestController|84|Get algorithm cache by key successfully with id = 123, algorithmCacheDTO = null
2020-05-29|15:52:41.309|TRACE|[http-nio-8085-exec-5]|org.zalando.logbook.Logbook|26|{"origin":"local","type":"response","correlation":"b7291f9b08560c98","duration":10,"protocol":"HTTP/1.1","status":200,"headers":{"Connection":["keep-alive"],"Date":["Fri, 29 May 2020 08:52:41 GMT"],"Keep-Alive":["timeout=60"],"Transfer-Encoding":["chunked"]}}
2020-05-29|15:52:41.439|TRACE|[http-nio-8085-exec-7]|org.zalando.logbook.Logbook|21|{"origin":"remote","type":"request","correlation":"c629cb936af8789a","protocol":"HTTP/1.1","remote":"10.0.75.1","method":"GET","uri":"http://PCT374.IfiSolution.local:8085/api/cache/getByKey/123","headers":{"accept":["*/*"],"accept-encoding":["gzip, deflate, br"],"accept-language":["vi,en-GB;q=0.9,en;q=0.8"],"connection":["Keep-Alive"],"content-length":["0"],"host":["PCT374.IfiSolution.local:8085"],"referer":["http://localhost:8060/swagger-ui.html"],"sec-fetch-dest":["empty"],"sec-fetch-mode":["cors"],"sec-fetch-site":["same-origin"],"user-agent":["Mozilla/5.0 (Windows NT 10.0; Win64; x64) AppleWebKit/537.36 (KHTML, like Gecko) Chrome/83.0.4103.61 Safari/537.36"],"x-b3-parentspanid":["70233de871271ada"],"x-b3-sampled":["0"],"x-b3-spanid":["e38c4159f00ae836"],"x-b3-traceid":["70233de871271ada"],"x-forwarded-for":["0:0:0:0:0:0:0:1"],"x-forwarded-host":["localhost:8060"],"x-forwarded-port":["8060"],"x-forwarded-prefix":["/cache"],"x-forwarded-proto":["http"]}}
2020-05-29|15:52:41.440|INFO|[http-nio-8085-exec-7]|c.e.a.c.c.AlgorithmRequestController|79|GET api/cache/getByKey/123
2020-05-29|15:52:41.441|DEBUG|[http-nio-8085-exec-7]|c.e.a.c.s.i.AlgorithmRequestServiceImpl|107|findByKey:in(key = 123)
2020-05-29|15:52:41.442|DEBUG|[http-nio-8085-exec-7]|c.e.a.c.s.i.AlgorithmRequestServiceImpl|120|findByKey:out(algorithmCacheDTO = null)
2020-05-29|15:52:41.443|INFO|[http-nio-8085-exec-7]|c.e.a.c.c.AlgorithmRequestController|84|Get algorithm cache by key successfully with id = 123, algorithmCacheDTO = null
2020-05-29|15:52:41.444|TRACE|[http-nio-8085-exec-7]|org.zalando.logbook.Logbook|26|{"origin":"local","type":"response","correlation":"c629cb936af8789a","duration":9,"protocol":"HTTP/1.1","status":200,"headers":{"Connection":["keep-alive"],"Date":["Fri, 29 May 2020 08:52:41 GMT"],"Keep-Alive":["timeout=60"],"Transfer-Encoding":["chunked"]}}
2020-05-29|15:52:41.587|TRACE|[http-nio-8085-exec-6]|org.zalando.logbook.Logbook|21|{"origin":"remote","type":"request","correlation":"9be03dcca3b97d4e","protocol":"HTTP/1.1","remote":"10.0.75.1","method":"GET","uri":"http://PCT374.IfiSolution.local:8085/api/cache/getByKey/123","headers":{"accept":["*/*"],"accept-encoding":["gzip, deflate, br"],"accept-language":["vi,en-GB;q=0.9,en;q=0.8"],"connection":["Keep-Alive"],"content-length":["0"],"host":["PCT374.IfiSolution.local:8085"],"referer":["http://localhost:8060/swagger-ui.html"],"sec-fetch-dest":["empty"],"sec-fetch-mode":["cors"],"sec-fetch-site":["same-origin"],"user-agent":["Mozilla/5.0 (Windows NT 10.0; Win64; x64) AppleWebKit/537.36 (KHTML, like Gecko) Chrome/83.0.4103.61 Safari/537.36"],"x-b3-parentspanid":["31b491aa94825305"],"x-b3-sampled":["0"],"x-b3-spanid":["e1a2b7d8738b4abf"],"x-b3-traceid":["31b491aa94825305"],"x-forwarded-for":["0:0:0:0:0:0:0:1"],"x-forwarded-host":["localhost:8060"],"x-forwarded-port":["8060"],"x-forwarded-prefix":["/cache"],"x-forwarded-proto":["http"]}}
2020-05-29|15:52:41.589|INFO|[http-nio-8085-exec-6]|c.e.a.c.c.AlgorithmRequestController|79|GET api/cache/getByKey/123
2020-05-29|15:52:41.590|DEBUG|[http-nio-8085-exec-6]|c.e.a.c.s.i.AlgorithmRequestServiceImpl|107|findByKey:in(key = 123)
2020-05-29|15:52:41.591|DEBUG|[http-nio-8085-exec-6]|c.e.a.c.s.i.AlgorithmRequestServiceImpl|120|findByKey:out(algorithmCacheDTO = null)
2020-05-29|15:52:41.591|INFO|[http-nio-8085-exec-6]|c.e.a.c.c.AlgorithmRequestController|84|Get algorithm cache by key successfully with id = 123, algorithmCacheDTO = null
2020-05-29|15:52:41.593|TRACE|[http-nio-8085-exec-6]|org.zalando.logbook.Logbook|26|{"origin":"local","type":"response","correlation":"9be03dcca3b97d4e","duration":7,"protocol":"HTTP/1.1","status":200,"headers":{"Connection":["keep-alive"],"Date":["Fri, 29 May 2020 08:52:41 GMT"],"Keep-Alive":["timeout=60"],"Transfer-Encoding":["chunked"]}}
2020-05-29|15:52:41.757|TRACE|[http-nio-8085-exec-9]|org.zalando.logbook.Logbook|21|{"origin":"remote","type":"request","correlation":"efda532339351b54","protocol":"HTTP/1.1","remote":"10.0.75.1","method":"GET","uri":"http://PCT374.IfiSolution.local:8085/api/cache/getByKey/123","headers":{"accept":["*/*"],"accept-encoding":["gzip, deflate, br"],"accept-language":["vi,en-GB;q=0.9,en;q=0.8"],"connection":["Keep-Alive"],"content-length":["0"],"host":["PCT374.IfiSolution.local:8085"],"referer":["http://localhost:8060/swagger-ui.html"],"sec-fetch-dest":["empty"],"sec-fetch-mode":["cors"],"sec-fetch-site":["same-origin"],"user-agent":["Mozilla/5.0 (Windows NT 10.0; Win64; x64) AppleWebKit/537.36 (KHTML, like Gecko) Chrome/83.0.4103.61 Safari/537.36"],"x-b3-parentspanid":["a76d2c698cf67017"],"x-b3-sampled":["0"],"x-b3-spanid":["9e4266c08163eeec"],"x-b3-traceid":["a76d2c698cf67017"],"x-forwarded-for":["0:0:0:0:0:0:0:1"],"x-forwarded-host":["localhost:8060"],"x-forwarded-port":["8060"],"x-forwarded-prefix":["/cache"],"x-forwarded-proto":["http"]}}
2020-05-29|15:52:41.758|INFO|[http-nio-8085-exec-9]|c.e.a.c.c.AlgorithmRequestController|79|GET api/cache/getByKey/123
2020-05-29|15:52:41.758|DEBUG|[http-nio-8085-exec-9]|c.e.a.c.s.i.AlgorithmRequestServiceImpl|107|findByKey:in(key = 123)
2020-05-29|15:52:41.760|DEBUG|[http-nio-8085-exec-9]|c.e.a.c.s.i.AlgorithmRequestServiceImpl|120|findByKey:out(algorithmCacheDTO = null)
2020-05-29|15:52:41.761|INFO|[http-nio-8085-exec-9]|c.e.a.c.c.AlgorithmRequestController|84|Get algorithm cache by key successfully with id = 123, algorithmCacheDTO = null
2020-05-29|15:52:41.762|TRACE|[http-nio-8085-exec-9]|org.zalando.logbook.Logbook|26|{"origin":"local","type":"response","correlation":"efda532339351b54","duration":6,"protocol":"HTTP/1.1","status":200,"headers":{"Connection":["keep-alive"],"Date":["Fri, 29 May 2020 08:52:41 GMT"],"Keep-Alive":["timeout=60"],"Transfer-Encoding":["chunked"]}}
2020-05-29|15:52:41.894|TRACE|[http-nio-8085-exec-10]|org.zalando.logbook.Logbook|21|{"origin":"remote","type":"request","correlation":"db921452e754ae7b","protocol":"HTTP/1.1","remote":"10.0.75.1","method":"GET","uri":"http://PCT374.IfiSolution.local:8085/api/cache/getByKey/123","headers":{"accept":["*/*"],"accept-encoding":["gzip, deflate, br"],"accept-language":["vi,en-GB;q=0.9,en;q=0.8"],"connection":["Keep-Alive"],"content-length":["0"],"host":["PCT374.IfiSolution.local:8085"],"referer":["http://localhost:8060/swagger-ui.html"],"sec-fetch-dest":["empty"],"sec-fetch-mode":["cors"],"sec-fetch-site":["same-origin"],"user-agent":["Mozilla/5.0 (Windows NT 10.0; Win64; x64) AppleWebKit/537.36 (KHTML, like Gecko) Chrome/83.0.4103.61 Safari/537.36"],"x-b3-parentspanid":["56f3470315672dcd"],"x-b3-sampled":["0"],"x-b3-spanid":["d0ab4114092dfe47"],"x-b3-traceid":["56f3470315672dcd"],"x-forwarded-for":["0:0:0:0:0:0:0:1"],"x-forwarded-host":["localhost:8060"],"x-forwarded-port":["8060"],"x-forwarded-prefix":["/cache"],"x-forwarded-proto":["http"]}}
2020-05-29|15:52:41.895|INFO|[http-nio-8085-exec-10]|c.e.a.c.c.AlgorithmRequestController|79|GET api/cache/getByKey/123
2020-05-29|15:52:41.896|DEBUG|[http-nio-8085-exec-10]|c.e.a.c.s.i.AlgorithmRequestServiceImpl|107|findByKey:in(key = 123)
2020-05-29|15:52:41.897|DEBUG|[http-nio-8085-exec-10]|c.e.a.c.s.i.AlgorithmRequestServiceImpl|120|findByKey:out(algorithmCacheDTO = null)
2020-05-29|15:52:41.897|INFO|[http-nio-8085-exec-10]|c.e.a.c.c.AlgorithmRequestController|84|Get algorithm cache by key successfully with id = 123, algorithmCacheDTO = null
2020-05-29|15:52:41.899|TRACE|[http-nio-8085-exec-10]|org.zalando.logbook.Logbook|26|{"origin":"local","type":"response","correlation":"db921452e754ae7b","duration":7,"protocol":"HTTP/1.1","status":200,"headers":{"Connection":["keep-alive"],"Date":["Fri, 29 May 2020 08:52:41 GMT"],"Keep-Alive":["timeout=60"],"Transfer-Encoding":["chunked"]}}
2020-05-29|15:52:42.045|TRACE|[http-nio-8085-exec-8]|org.zalando.logbook.Logbook|21|{"origin":"remote","type":"request","correlation":"bc20223802900e6e","protocol":"HTTP/1.1","remote":"10.0.75.1","method":"GET","uri":"http://PCT374.IfiSolution.local:8085/api/cache/getByKey/123","headers":{"accept":["*/*"],"accept-encoding":["gzip, deflate, br"],"accept-language":["vi,en-GB;q=0.9,en;q=0.8"],"connection":["Keep-Alive"],"content-length":["0"],"host":["PCT374.IfiSolution.local:8085"],"referer":["http://localhost:8060/swagger-ui.html"],"sec-fetch-dest":["empty"],"sec-fetch-mode":["cors"],"sec-fetch-site":["same-origin"],"user-agent":["Mozilla/5.0 (Windows NT 10.0; Win64; x64) AppleWebKit/537.36 (KHTML, like Gecko) Chrome/83.0.4103.61 Safari/537.36"],"x-b3-parentspanid":["130a841ec32161c6"],"x-b3-sampled":["0"],"x-b3-spanid":["ef458c8604255287"],"x-b3-traceid":["130a841ec32161c6"],"x-forwarded-for":["0:0:0:0:0:0:0:1"],"x-forwarded-host":["localhost:8060"],"x-forwarded-port":["8060"],"x-forwarded-prefix":["/cache"],"x-forwarded-proto":["http"]}}
2020-05-29|15:52:42.047|INFO|[http-nio-8085-exec-8]|c.e.a.c.c.AlgorithmRequestController|79|GET api/cache/getByKey/123
2020-05-29|15:52:42.047|DEBUG|[http-nio-8085-exec-8]|c.e.a.c.s.i.AlgorithmRequestServiceImpl|107|findByKey:in(key = 123)
2020-05-29|15:52:42.049|DEBUG|[http-nio-8085-exec-8]|c.e.a.c.s.i.AlgorithmRequestServiceImpl|120|findByKey:out(algorithmCacheDTO = null)
2020-05-29|15:52:42.049|INFO|[http-nio-8085-exec-8]|c.e.a.c.c.AlgorithmRequestController|84|Get algorithm cache by key successfully with id = 123, algorithmCacheDTO = null
2020-05-29|15:52:42.051|TRACE|[http-nio-8085-exec-8]|org.zalando.logbook.Logbook|26|{"origin":"local","type":"response","correlation":"bc20223802900e6e","duration":6,"protocol":"HTTP/1.1","status":200,"headers":{"Connection":["keep-alive"],"Date":["Fri, 29 May 2020 08:52:41 GMT"],"Keep-Alive":["timeout=60"],"Transfer-Encoding":["chunked"]}}
2020-05-29|15:54:00.005|DEBUG|[ThreadPoolTaskScheduler-5]|c.e.a.c.s.i.AlgorithmInvocationRefreshServiceImpl|61|execute:in()
2020-05-29|15:54:00.009|DEBUG|[ThreadPoolTaskScheduler-5]|c.e.a.c.s.i.AlgorithmRequestServiceImpl|91|getAllKeys:in()
2020-05-29|15:54:00.011|DEBUG|[ThreadPoolTaskScheduler-5]|c.e.a.c.s.i.AlgorithmRequestServiceImpl|95|getAllKeys:out()
2020-05-29|15:54:00.011|DEBUG|[ThreadPoolTaskScheduler-5]|c.e.a.c.s.i.AlgorithmInvocationRefreshServiceImpl|110|pagingKey:in(keySet = [], pageSize = 1)
2020-05-29|15:54:00.012|DEBUG|[ThreadPoolTaskScheduler-5]|c.e.a.c.s.i.AlgorithmInvocationRefreshServiceImpl|133|pagingKey:out(pageList = [])
2020-05-29|15:54:00.012|DEBUG|[ThreadPoolTaskScheduler-5]|c.e.a.c.s.i.AlgorithmInvocationRefreshServiceImpl|98|execute:out()
2020-05-29|15:54:39.826|INFO|[AsyncResolver-bootstrap-executor-0]|c.n.d.s.r.aws.ConfigClusterResolver|43|Resolving eureka endpoints via configuration
2020-05-29|15:56:00.002|DEBUG|[ThreadPoolTaskScheduler-5]|c.e.a.c.s.i.AlgorithmInvocationRefreshServiceImpl|61|execute:in()
2020-05-29|15:56:00.003|DEBUG|[ThreadPoolTaskScheduler-5]|c.e.a.c.s.i.AlgorithmRequestServiceImpl|91|getAllKeys:in()
2020-05-29|15:56:00.005|DEBUG|[ThreadPoolTaskScheduler-5]|c.e.a.c.s.i.AlgorithmRequestServiceImpl|95|getAllKeys:out()
2020-05-29|15:56:00.005|DEBUG|[ThreadPoolTaskScheduler-5]|c.e.a.c.s.i.AlgorithmInvocationRefreshServiceImpl|110|pagingKey:in(keySet = [], pageSize = 1)
2020-05-29|15:56:00.006|DEBUG|[ThreadPoolTaskScheduler-5]|c.e.a.c.s.i.AlgorithmInvocationRefreshServiceImpl|133|pagingKey:out(pageList = [])
2020-05-29|15:56:00.006|DEBUG|[ThreadPoolTaskScheduler-5]|c.e.a.c.s.i.AlgorithmInvocationRefreshServiceImpl|98|execute:out()
2020-05-29|15:58:00.004|DEBUG|[ThreadPoolTaskScheduler-10]|c.e.a.c.s.i.AlgorithmInvocationRefreshServiceImpl|61|execute:in()
2020-05-29|15:58:00.005|DEBUG|[ThreadPoolTaskScheduler-10]|c.e.a.c.s.i.AlgorithmRequestServiceImpl|91|getAllKeys:in()
2020-05-29|15:58:00.007|DEBUG|[ThreadPoolTaskScheduler-10]|c.e.a.c.s.i.AlgorithmRequestServiceImpl|95|getAllKeys:out()
2020-05-29|15:58:00.007|DEBUG|[ThreadPoolTaskScheduler-10]|c.e.a.c.s.i.AlgorithmInvocationRefreshServiceImpl|110|pagingKey:in(keySet = [], pageSize = 1)
2020-05-29|15:58:00.014|DEBUG|[ThreadPoolTaskScheduler-10]|c.e.a.c.s.i.AlgorithmInvocationRefreshServiceImpl|133|pagingKey:out(pageList = [])
2020-05-29|15:58:00.014|DEBUG|[ThreadPoolTaskScheduler-10]|c.e.a.c.s.i.AlgorithmInvocationRefreshServiceImpl|98|execute:out()
2020-05-29|15:59:39.832|INFO|[AsyncResolver-bootstrap-executor-0]|c.n.d.s.r.aws.ConfigClusterResolver|43|Resolving eureka endpoints via configuration
2020-05-29|16:00:00.005|DEBUG|[ThreadPoolTaskScheduler-2]|c.e.a.c.s.i.AlgorithmInvocationRefreshServiceImpl|61|execute:in()
2020-05-29|16:00:00.006|DEBUG|[ThreadPoolTaskScheduler-2]|c.e.a.c.s.i.AlgorithmRequestServiceImpl|91|getAllKeys:in()
2020-05-29|16:00:00.012|DEBUG|[ThreadPoolTaskScheduler-2]|c.e.a.c.s.i.AlgorithmRequestServiceImpl|95|getAllKeys:out()
2020-05-29|16:00:00.013|DEBUG|[ThreadPoolTaskScheduler-2]|c.e.a.c.s.i.AlgorithmInvocationRefreshServiceImpl|110|pagingKey:in(keySet = [], pageSize = 1)
2020-05-29|16:00:00.013|DEBUG|[ThreadPoolTaskScheduler-2]|c.e.a.c.s.i.AlgorithmInvocationRefreshServiceImpl|133|pagingKey:out(pageList = [])
2020-05-29|16:00:00.013|DEBUG|[ThreadPoolTaskScheduler-2]|c.e.a.c.s.i.AlgorithmInvocationRefreshServiceImpl|98|execute:out()
2020-05-29|16:00:00.019|DEBUG|[ThreadPoolTaskScheduler-8]|c.e.a.c.s.i.AlgorithmInvocationDeleteServiceImpl|37|execute:in()
2020-05-29|16:00:00.019|DEBUG|[ThreadPoolTaskScheduler-8]|c.e.a.c.s.i.AlgorithmInvocationDeleteServiceImpl|51|deleteExpiryRequest:in(expiryTime = 24, unitExpiryTime = hour)
2020-05-29|16:00:00.020|DEBUG|[ThreadPoolTaskScheduler-8]|c.e.a.c.s.i.AlgorithmRequestServiceImpl|91|getAllKeys:in()
2020-05-29|16:00:00.021|DEBUG|[ThreadPoolTaskScheduler-8]|c.e.a.c.s.i.AlgorithmRequestServiceImpl|95|getAllKeys:out()
2020-05-29|16:00:00.021|DEBUG|[ThreadPoolTaskScheduler-8]|c.e.a.c.s.i.AlgorithmInvocationDeleteServiceImpl|82|deleteExpiryRequest:out()
2020-05-29|16:00:00.021|DEBUG|[ThreadPoolTaskScheduler-8]|c.e.a.c.s.i.AlgorithmInvocationDeleteServiceImpl|41|execute:out()
2020-05-29|16:02:00.001|DEBUG|[ThreadPoolTaskScheduler-4]|c.e.a.c.s.i.AlgorithmInvocationRefreshServiceImpl|61|execute:in()
2020-05-29|16:02:00.002|DEBUG|[ThreadPoolTaskScheduler-4]|c.e.a.c.s.i.AlgorithmRequestServiceImpl|91|getAllKeys:in()
2020-05-29|16:02:00.005|DEBUG|[ThreadPoolTaskScheduler-4]|c.e.a.c.s.i.AlgorithmRequestServiceImpl|95|getAllKeys:out()
2020-05-29|16:02:00.005|DEBUG|[ThreadPoolTaskScheduler-4]|c.e.a.c.s.i.AlgorithmInvocationRefreshServiceImpl|110|pagingKey:in(keySet = [], pageSize = 1)
2020-05-29|16:02:00.005|DEBUG|[ThreadPoolTaskScheduler-4]|c.e.a.c.s.i.AlgorithmInvocationRefreshServiceImpl|133|pagingKey:out(pageList = [])
2020-05-29|16:02:00.005|DEBUG|[ThreadPoolTaskScheduler-4]|c.e.a.c.s.i.AlgorithmInvocationRefreshServiceImpl|98|execute:out()
2020-05-29|16:04:00.003|DEBUG|[ThreadPoolTaskScheduler-4]|c.e.a.c.s.i.AlgorithmInvocationRefreshServiceImpl|61|execute:in()
2020-05-29|16:04:00.004|DEBUG|[ThreadPoolTaskScheduler-4]|c.e.a.c.s.i.AlgorithmRequestServiceImpl|91|getAllKeys:in()
2020-05-29|16:04:00.005|DEBUG|[ThreadPoolTaskScheduler-4]|c.e.a.c.s.i.AlgorithmRequestServiceImpl|95|getAllKeys:out()
2020-05-29|16:04:00.007|DEBUG|[ThreadPoolTaskScheduler-4]|c.e.a.c.s.i.AlgorithmInvocationRefreshServiceImpl|110|pagingKey:in(keySet = [], pageSize = 1)
2020-05-29|16:04:00.007|DEBUG|[ThreadPoolTaskScheduler-4]|c.e.a.c.s.i.AlgorithmInvocationRefreshServiceImpl|133|pagingKey:out(pageList = [])
2020-05-29|16:04:00.008|DEBUG|[ThreadPoolTaskScheduler-4]|c.e.a.c.s.i.AlgorithmInvocationRefreshServiceImpl|98|execute:out()
2020-05-29|16:04:39.837|INFO|[AsyncResolver-bootstrap-executor-0]|c.n.d.s.r.aws.ConfigClusterResolver|43|Resolving eureka endpoints via configuration
2020-05-29|16:06:00.003|DEBUG|[ThreadPoolTaskScheduler-10]|c.e.a.c.s.i.AlgorithmInvocationRefreshServiceImpl|61|execute:in()
2020-05-29|16:06:00.006|DEBUG|[ThreadPoolTaskScheduler-10]|c.e.a.c.s.i.AlgorithmRequestServiceImpl|91|getAllKeys:in()
2020-05-29|16:06:00.008|DEBUG|[ThreadPoolTaskScheduler-10]|c.e.a.c.s.i.AlgorithmRequestServiceImpl|95|getAllKeys:out()
2020-05-29|16:06:00.008|DEBUG|[ThreadPoolTaskScheduler-10]|c.e.a.c.s.i.AlgorithmInvocationRefreshServiceImpl|110|pagingKey:in(keySet = [], pageSize = 1)
2020-05-29|16:06:00.009|DEBUG|[ThreadPoolTaskScheduler-10]|c.e.a.c.s.i.AlgorithmInvocationRefreshServiceImpl|133|pagingKey:out(pageList = [])
2020-05-29|16:06:00.009|DEBUG|[ThreadPoolTaskScheduler-10]|c.e.a.c.s.i.AlgorithmInvocationRefreshServiceImpl|98|execute:out()
